[0.088s] Invoking command in '/home/sysmodel/13feb/SM-DSAP23-24/build/digital_architecture': CMAKE_PREFIX_PATH=${CMAKE_PREFIX_PATH}:/opt/ros/humble /usr/bin/cmake --build /home/sysmodel/13feb/SM-DSAP23-24/build/digital_architecture -- -j8 -l8
[0.116s] -- Found ament_cmake: 1.3.7 (/opt/ros/humble/share/ament_cmake/cmake)
[0.287s] -- Found rclcpp: 16.0.8 (/opt/ros/humble/share/rclcpp/cmake)
[0.348s] -- Found rosidl_generator_c: 3.1.5 (/opt/ros/humble/share/rosidl_generator_c/cmake)
[0.352s] -- Found rosidl_adapter: 3.1.5 (/opt/ros/humble/share/rosidl_adapter/cmake)
[0.360s] -- Found rosidl_generator_cpp: 3.1.5 (/opt/ros/humble/share/rosidl_generator_cpp/cmake)
[0.375s] -- Using all available rosidl_typesupport_c: rosidl_typesupport_fastrtps_c;rosidl_typesupport_introspection_c
[0.394s] -- Using all available rosidl_typesupport_cpp: rosidl_typesupport_fastrtps_cpp;rosidl_typesupport_introspection_cpp
[0.465s] -- Found rmw_implementation_cmake: 6.1.1 (/opt/ros/humble/share/rmw_implementation_cmake/cmake)
[0.466s] -- Found rmw_fastrtps_cpp: 6.2.6 (/opt/ros/humble/share/rmw_fastrtps_cpp/cmake)
[0.589s] -- Using RMW implementation 'rmw_fastrtps_cpp' as default
[0.790s] [31mCMake Error at CMakeLists.txt:13 (find_package):
[0.790s]   By not providing "FindLibSerial.cmake" in CMAKE_MODULE_PATH this project
[0.790s]   has asked CMake to find a package configuration file provided by
[0.790s]   "LibSerial", but CMake did not find one.
[0.791s] 
[0.791s]   Could not find a package configuration file provided by "LibSerial" with
[0.791s]   any of the following names:
[0.791s] 
[0.791s]     LibSerialConfig.cmake
[0.791s]     libserial-config.cmake
[0.791s] 
[0.791s]   Add the installation prefix of "LibSerial" to CMAKE_PREFIX_PATH or set
[0.791s]   "LibSerial_DIR" to a directory containing one of the above files.  If
[0.791s]   "LibSerial" provides a separate development package or SDK, be sure it has
[0.791s]   been installed.
[0.791s] 
[0.791s] [0m
[0.792s] -- Configuring incomplete, errors occurred!
[0.792s] See also "/home/sysmodel/13feb/SM-DSAP23-24/build/digital_architecture/CMakeFiles/CMakeOutput.log".
[0.797s] gmake: *** [Makefile:390: cmake_check_build_system] Error 1
[0.799s] Invoked command in '/home/sysmodel/13feb/SM-DSAP23-24/build/digital_architecture' returned '2': CMAKE_PREFIX_PATH=${CMAKE_PREFIX_PATH}:/opt/ros/humble /usr/bin/cmake --build /home/sysmodel/13feb/SM-DSAP23-24/build/digital_architecture -- -j8 -l8
