-- Found ament_cmake: 1.3.5 (/opt/ros/humble/share/ament_cmake/cmake)
-- Found rclcpp: 16.0.6 (/opt/ros/humble/share/rclcpp/cmake)
-- Found rosidl_generator_c: 3.1.5 (/opt/ros/humble/share/rosidl_generator_c/cmake)
-- Found rosidl_adapter: 3.1.5 (/opt/ros/humble/share/rosidl_adapter/cmake)
-- Found rosidl_generator_cpp: 3.1.5 (/opt/ros/humble/share/rosidl_generator_cpp/cmake)
-- Using all available rosidl_typesupport_c: rosidl_typesupport_fastrtps_c;rosidl_typesupport_introspection_c
-- Using all available rosidl_typesupport_cpp: rosidl_typesupport_fastrtps_cpp;rosidl_typesupport_introspection_cpp
-- Found rmw_implementation_cmake: 6.1.1 (/opt/ros/humble/share/rmw_implementation_cmake/cmake)
-- Found rmw_fastrtps_cpp: 6.2.4 (/opt/ros/humble/share/rmw_fastrtps_cpp/cmake)
-- Using RMW implementation 'rmw_fastrtps_cpp' as default
-- Found ament_lint_auto: 0.12.8 (/opt/ros/humble/share/ament_lint_auto/cmake)
-- Added test 'cppcheck' to perform static code analysis on C / C++ code
-- Configured cppcheck include dirs: 
-- Configured cppcheck exclude dirs and/or files: 
-- Added test 'lint_cmake' to check CMake code style
-- Added test 'uncrustify' to check C / C++ code style
-- Configured uncrustify additional arguments: 
-- Added test 'xmllint' to check XML markup files
-- Configuring done
-- Generating done
-- Build files have been written to: /10march/SM-DSAP23-24/build/digital_architecture
[35m[1mConsolidate compiler generated dependencies of target central_controller[0m
[35m[1mConsolidate compiler generated dependencies of target front_right_servo_controller[0m
[35m[1mConsolidate compiler generated dependencies of target imu[0m
[35m[1mConsolidate compiler generated dependencies of target front_right_solo[0m
[ 55%] Built target imu
[ 77%] [32mBuilding CXX object CMakeFiles/front_right_solo.dir/src/SOLOUno.cpp.o[0m
[ 77%] Built target front_right_servo_controller
[ 77%] Built target central_controller
[01m[K/10march/SM-DSAP23-24/src/demo_leds/src/SOLOUno.cpp:21:7:[m[K [01;31m[Kerror: [m[Kredefinition of ‘[01m[Kclass SoloUno[m[K’
   21 | class [01;31m[KSoloUno[m[K {
      |       [01;31m[K^~~~~~~[m[K
In file included from [01m[K/10march/SM-DSAP23-24/src/demo_leds/src/SOLOUno.cpp:4[m[K:
[01m[K/10march/SM-DSAP23-24/src/demo_leds/src/SOLOUno.h:13:7:[m[K [01;36m[Knote: [m[Kprevious definition of ‘[01m[Kclass SoloUno[m[K’
   13 | class [01;36m[KSoloUno[m[K {
      |       [01;36m[K^~~~~~~[m[K
gmake[2]: *** [CMakeFiles/front_right_solo.dir/build.make:90: CMakeFiles/front_right_solo.dir/src/SOLOUno.cpp.o] Error 1
gmake[1]: *** [CMakeFiles/Makefile2:221: CMakeFiles/front_right_solo.dir/all] Error 2
gmake: *** [Makefile:146: all] Error 2
