[0.031s] Invoking command in '/10march/SM-DSAP23-24/build/digital_architecture': CMAKE_PREFIX_PATH=${CMAKE_PREFIX_PATH}:/opt/ros/humble /usr/bin/cmake --build /10march/SM-DSAP23-24/build/digital_architecture -- -j24 -l24
[0.053s] [ 88%] Built target imu
[0.053s] [ 88%] Built target central_controller
[0.053s] [ 88%] Built target front_right_servo_controller
[0.053s] [100%] Built target front_right_solo
[0.057s] Invoked command in '/10march/SM-DSAP23-24/build/digital_architecture' returned '0': CMAKE_PREFIX_PATH=${CMAKE_PREFIX_PATH}:/opt/ros/humble /usr/bin/cmake --build /10march/SM-DSAP23-24/build/digital_architecture -- -j24 -l24
[0.076s] Invoking command in '/10march/SM-DSAP23-24/build/digital_architecture': CMAKE_PREFIX_PATH=${CMAKE_PREFIX_PATH}:/opt/ros/humble /usr/bin/cmake --install /10march/SM-DSAP23-24/build/digital_architecture
[0.079s] -- Install configuration: ""
[0.079s] -- Up-to-date: /10march/SM-DSAP23-24/install/digital_architecture/lib/digital_architecture/imu
[0.079s] -- Up-to-date: /10march/SM-DSAP23-24/install/digital_architecture/lib/digital_architecture/central_controller
[0.079s] -- Up-to-date: /10march/SM-DSAP23-24/install/digital_architecture/lib/digital_architecture/front_right_servo_controller
[0.079s] -- Up-to-date: /10march/SM-DSAP23-24/install/digital_architecture/lib/digital_architecture/front_right_solo
[0.079s] -- Up-to-date: /10march/SM-DSAP23-24/install/digital_architecture/share/ament_index/resource_index/package_run_dependencies/digital_architecture
[0.079s] -- Up-to-date: /10march/SM-DSAP23-24/install/digital_architecture/share/ament_index/resource_index/parent_prefix_path/digital_architecture
[0.080s] -- Up-to-date: /10march/SM-DSAP23-24/install/digital_architecture/share/digital_architecture/environment/ament_prefix_path.sh
[0.080s] -- Up-to-date: /10march/SM-DSAP23-24/install/digital_architecture/share/digital_architecture/environment/ament_prefix_path.dsv
[0.080s] -- Up-to-date: /10march/SM-DSAP23-24/install/digital_architecture/share/digital_architecture/environment/path.sh
[0.080s] -- Up-to-date: /10march/SM-DSAP23-24/install/digital_architecture/share/digital_architecture/environment/path.dsv
[0.080s] -- Up-to-date: /10march/SM-DSAP23-24/install/digital_architecture/share/digital_architecture/local_setup.bash
[0.080s] -- Up-to-date: /10march/SM-DSAP23-24/install/digital_architecture/share/digital_architecture/local_setup.sh
[0.080s] -- Up-to-date: /10march/SM-DSAP23-24/install/digital_architecture/share/digital_architecture/local_setup.zsh
[0.080s] -- Up-to-date: /10march/SM-DSAP23-24/install/digital_architecture/share/digital_architecture/local_setup.dsv
[0.080s] -- Installing: /10march/SM-DSAP23-24/install/digital_architecture/share/digital_architecture/package.dsv
[0.080s] -- Up-to-date: /10march/SM-DSAP23-24/install/digital_architecture/share/ament_index/resource_index/packages/digital_architecture
[0.080s] -- Up-to-date: /10march/SM-DSAP23-24/install/digital_architecture/share/digital_architecture/cmake/digital_architectureConfig.cmake
[0.081s] -- Up-to-date: /10march/SM-DSAP23-24/install/digital_architecture/share/digital_architecture/cmake/digital_architectureConfig-version.cmake
[0.081s] -- Up-to-date: /10march/SM-DSAP23-24/install/digital_architecture/share/digital_architecture/package.xml
[0.081s] Invoked command in '/10march/SM-DSAP23-24/build/digital_architecture' returned '0': CMAKE_PREFIX_PATH=${CMAKE_PREFIX_PATH}:/opt/ros/humble /usr/bin/cmake --install /10march/SM-DSAP23-24/build/digital_architecture
