[0.067s] Invoking command in '/home/sysmodel/13feb/SM-DSAP23-24/build/digital_architecture': CMAKE_PREFIX_PATH=/opt/ros/humble /usr/bin/cmake /home/sysmodel/13feb/SM-DSAP23-24/src/demo_leds -DCMAKE_INSTALL_PREFIX=/home/sysmodel/13feb/SM-DSAP23-24/install/digital_architecture
[0.561s] -- The C compiler identification is GNU 11.4.0
[0.768s] -- The CXX compiler identification is GNU 11.4.0
[0.800s] -- Detecting C compiler ABI info
[0.905s] -- Detecting C compiler ABI info - done
[0.917s] -- Check for working C compiler: /usr/bin/cc - skipped
[0.917s] -- Detecting C compile features
[0.918s] -- Detecting C compile features - done
[0.923s] -- Detecting CXX compiler ABI info
[1.057s] -- Detecting CXX compiler ABI info - done
[1.067s] -- Check for working CXX compiler: /usr/bin/c++ - skipped
[1.068s] -- Detecting CXX compile features
[1.068s] -- Detecting CXX compile features - done
[1.110s] -- Found ament_cmake: 1.3.7 (/opt/ros/humble/share/ament_cmake/cmake)
[1.440s] -- Found Python3: /usr/bin/python3.10 (found version "3.10.12") found components: Interpreter 
[1.723s] -- Found rclcpp: 16.0.8 (/opt/ros/humble/share/rclcpp/cmake)
[1.916s] -- Found rosidl_generator_c: 3.1.5 (/opt/ros/humble/share/rosidl_generator_c/cmake)
[1.927s] -- Found rosidl_adapter: 3.1.5 (/opt/ros/humble/share/rosidl_adapter/cmake)
[1.966s] -- Found rosidl_generator_cpp: 3.1.5 (/opt/ros/humble/share/rosidl_generator_cpp/cmake)
[1.992s] -- Using all available rosidl_typesupport_c: rosidl_typesupport_fastrtps_c;rosidl_typesupport_introspection_c
[2.017s] -- Using all available rosidl_typesupport_cpp: rosidl_typesupport_fastrtps_cpp;rosidl_typesupport_introspection_cpp
[2.153s] -- Found rmw_implementation_cmake: 6.1.1 (/opt/ros/humble/share/rmw_implementation_cmake/cmake)
[2.159s] -- Found rmw_fastrtps_cpp: 6.2.6 (/opt/ros/humble/share/rmw_fastrtps_cpp/cmake)
[2.381s] -- Found OpenSSL: /usr/lib/x86_64-linux-gnu/libcrypto.so (found version "3.0.2")  
[2.407s] -- Found FastRTPS: /opt/ros/humble/include  
[2.454s] -- Using RMW implementation 'rmw_fastrtps_cpp' as default
[2.507s] -- Looking for pthread.h
[2.678s] -- Looking for pthread.h - found
[2.678s] -- Performing Test CMAKE_HAVE_LIBC_PTHREAD
[2.834s] -- Performing Test CMAKE_HAVE_LIBC_PTHREAD - Success
[2.835s] -- Found Threads: TRUE  
[3.247s] -- Found ament_lint_auto: 0.12.10 (/opt/ros/humble/share/ament_lint_auto/cmake)
[3.447s] -- Added test 'cppcheck' to perform static code analysis on C / C++ code
[3.447s] -- Configured cppcheck include dirs: 
[3.447s] -- Configured cppcheck exclude dirs and/or files: 
[3.448s] -- Added test 'lint_cmake' to check CMake code style
[3.449s] -- Added test 'uncrustify' to check C / C++ code style
[3.449s] -- Configured uncrustify additional arguments: 
[3.450s] -- Added test 'xmllint' to check XML markup files
[3.451s] -- Configuring done
[3.508s] -- Generating done
[3.512s] -- Build files have been written to: /home/sysmodel/13feb/SM-DSAP23-24/build/digital_architecture
[3.527s] Invoked command in '/home/sysmodel/13feb/SM-DSAP23-24/build/digital_architecture' returned '0': CMAKE_PREFIX_PATH=/opt/ros/humble /usr/bin/cmake /home/sysmodel/13feb/SM-DSAP23-24/src/demo_leds -DCMAKE_INSTALL_PREFIX=/home/sysmodel/13feb/SM-DSAP23-24/install/digital_architecture
[3.530s] Invoking command in '/home/sysmodel/13feb/SM-DSAP23-24/build/digital_architecture': CMAKE_PREFIX_PATH=/opt/ros/humble /usr/bin/cmake --build /home/sysmodel/13feb/SM-DSAP23-24/build/digital_architecture -- -j8 -l8
[3.589s] [ 50%] [32mBuilding CXX object CMakeFiles/central_controller.dir/src/CentralController.cpp.o[0m
[3.589s] [ 50%] [32mBuilding CXX object CMakeFiles/imu.dir/src/IMU.cpp.o[0m
[3.589s] [ 50%] [32mBuilding CXX object CMakeFiles/front_right_solo.dir/src/FrontRightSOLO.cpp.o[0m
[3.590s] [ 50%] [32mBuilding CXX object CMakeFiles/front_right_servo_controller.dir/src/FrontRightServoController.cpp.o[0m
[10.087s] [ 62%] [32m[1mLinking CXX executable imu[0m
[10.602s] [ 62%] Built target imu
[14.504s] [ 75%] [32m[1mLinking CXX executable front_right_servo_controller[0m
[14.934s] [ 75%] Built target front_right_servo_controller
[15.017s] [ 87%] [32m[1mLinking CXX executable front_right_solo[0m
[15.089s] [100%] [32m[1mLinking CXX executable central_controller[0m
[15.458s] [100%] Built target front_right_solo
[15.516s] [100%] Built target central_controller
[15.530s] Invoked command in '/home/sysmodel/13feb/SM-DSAP23-24/build/digital_architecture' returned '0': CMAKE_PREFIX_PATH=/opt/ros/humble /usr/bin/cmake --build /home/sysmodel/13feb/SM-DSAP23-24/build/digital_architecture -- -j8 -l8
[15.580s] Invoking command in '/home/sysmodel/13feb/SM-DSAP23-24/build/digital_architecture': CMAKE_PREFIX_PATH=/opt/ros/humble /usr/bin/cmake --install /home/sysmodel/13feb/SM-DSAP23-24/build/digital_architecture
[15.589s] -- Install configuration: ""
[15.589s] -- Installing: /home/sysmodel/13feb/SM-DSAP23-24/install/digital_architecture/lib/digital_architecture/imu
[15.591s] -- Set runtime path of "/home/sysmodel/13feb/SM-DSAP23-24/install/digital_architecture/lib/digital_architecture/imu" to ""
[15.591s] -- Installing: /home/sysmodel/13feb/SM-DSAP23-24/install/digital_architecture/lib/digital_architecture/central_controller
[15.595s] -- Set runtime path of "/home/sysmodel/13feb/SM-DSAP23-24/install/digital_architecture/lib/digital_architecture/central_controller" to ""
[15.595s] -- Installing: /home/sysmodel/13feb/SM-DSAP23-24/install/digital_architecture/lib/digital_architecture/front_right_servo_controller
[15.599s] -- Set runtime path of "/home/sysmodel/13feb/SM-DSAP23-24/install/digital_architecture/lib/digital_architecture/front_right_servo_controller" to ""
[15.599s] -- Installing: /home/sysmodel/13feb/SM-DSAP23-24/install/digital_architecture/lib/digital_architecture/front_right_solo
[15.603s] -- Set runtime path of "/home/sysmodel/13feb/SM-DSAP23-24/install/digital_architecture/lib/digital_architecture/front_right_solo" to ""
[15.603s] -- Installing: /home/sysmodel/13feb/SM-DSAP23-24/install/digital_architecture/share/ament_index/resource_index/package_run_dependencies/digital_architecture
[15.603s] -- Installing: /home/sysmodel/13feb/SM-DSAP23-24/install/digital_architecture/share/ament_index/resource_index/parent_prefix_path/digital_architecture
[15.604s] -- Installing: /home/sysmodel/13feb/SM-DSAP23-24/install/digital_architecture/share/digital_architecture/environment/ament_prefix_path.sh
[15.604s] -- Installing: /home/sysmodel/13feb/SM-DSAP23-24/install/digital_architecture/share/digital_architecture/environment/ament_prefix_path.dsv
[15.604s] -- Installing: /home/sysmodel/13feb/SM-DSAP23-24/install/digital_architecture/share/digital_architecture/environment/path.sh
[15.604s] -- Installing: /home/sysmodel/13feb/SM-DSAP23-24/install/digital_architecture/share/digital_architecture/environment/path.dsv
[15.604s] -- Installing: /home/sysmodel/13feb/SM-DSAP23-24/install/digital_architecture/share/digital_architecture/local_setup.bash
[15.604s] -- Installing: /home/sysmodel/13feb/SM-DSAP23-24/install/digital_architecture/share/digital_architecture/local_setup.sh
[15.605s] -- Installing: /home/sysmodel/13feb/SM-DSAP23-24/install/digital_architecture/share/digital_architecture/local_setup.zsh
[15.605s] -- Installing: /home/sysmodel/13feb/SM-DSAP23-24/install/digital_architecture/share/digital_architecture/local_setup.dsv
[15.605s] -- Installing: /home/sysmodel/13feb/SM-DSAP23-24/install/digital_architecture/share/digital_architecture/package.dsv
[15.605s] -- Installing: /home/sysmodel/13feb/SM-DSAP23-24/install/digital_architecture/share/ament_index/resource_index/packages/digital_architecture
[15.605s] -- Installing: /home/sysmodel/13feb/SM-DSAP23-24/install/digital_architecture/share/digital_architecture/cmake/digital_architectureConfig.cmake
[15.606s] -- Installing: /home/sysmodel/13feb/SM-DSAP23-24/install/digital_architecture/share/digital_architecture/cmake/digital_architectureConfig-version.cmake
[15.606s] -- Installing: /home/sysmodel/13feb/SM-DSAP23-24/install/digital_architecture/share/digital_architecture/package.xml
[15.608s] Invoked command in '/home/sysmodel/13feb/SM-DSAP23-24/build/digital_architecture' returned '0': CMAKE_PREFIX_PATH=/opt/ros/humble /usr/bin/cmake --install /home/sysmodel/13feb/SM-DSAP23-24/build/digital_architecture
