[0.028s] Invoking command in '/10march/SM-DSAP23-24/build/digital_architecture': CMAKE_PREFIX_PATH=${CMAKE_PREFIX_PATH}:/opt/ros/humble /usr/bin/cmake --build /10march/SM-DSAP23-24/build/digital_architecture -- -j24 -l24
[0.038s] -- Found ament_cmake: 1.3.5 (/opt/ros/humble/share/ament_cmake/cmake)
[0.106s] -- Found rclcpp: 16.0.6 (/opt/ros/humble/share/rclcpp/cmake)
[0.160s] -- Found rosidl_generator_c: 3.1.5 (/opt/ros/humble/share/rosidl_generator_c/cmake)
[0.162s] -- Found rosidl_adapter: 3.1.5 (/opt/ros/humble/share/rosidl_adapter/cmake)
[0.165s] -- Found rosidl_generator_cpp: 3.1.5 (/opt/ros/humble/share/rosidl_generator_cpp/cmake)
[0.170s] -- Using all available rosidl_typesupport_c: rosidl_typesupport_fastrtps_c;rosidl_typesupport_introspection_c
[0.177s] -- Using all available rosidl_typesupport_cpp: rosidl_typesupport_fastrtps_cpp;rosidl_typesupport_introspection_cpp
[0.206s] -- Found rmw_implementation_cmake: 6.1.1 (/opt/ros/humble/share/rmw_implementation_cmake/cmake)
[0.207s] -- Found rmw_fastrtps_cpp: 6.2.4 (/opt/ros/humble/share/rmw_fastrtps_cpp/cmake)
[1.904s] -- Using RMW implementation 'rmw_fastrtps_cpp' as default
[1.984s] -- Found ament_lint_auto: 0.12.8 (/opt/ros/humble/share/ament_lint_auto/cmake)
[2.017s] -- Added test 'cppcheck' to perform static code analysis on C / C++ code
[2.017s] -- Configured cppcheck include dirs: 
[2.017s] -- Configured cppcheck exclude dirs and/or files: 
[2.017s] -- Added test 'lint_cmake' to check CMake code style
[2.017s] -- Added test 'uncrustify' to check C / C++ code style
[2.017s] -- Configured uncrustify additional arguments: 
[2.018s] -- Added test 'xmllint' to check XML markup files
[2.018s] -- Configuring done
[2.026s] -- Generating done
[2.026s] -- Build files have been written to: /10march/SM-DSAP23-24/build/digital_architecture
[2.041s] [35m[1mConsolidate compiler generated dependencies of target central_controller[0m
[2.041s] [35m[1mConsolidate compiler generated dependencies of target imu[0m
[2.041s] [35m[1mConsolidate compiler generated dependencies of target front_right_servo_controller[0m
[2.042s] [35m[1mConsolidate compiler generated dependencies of target front_right_solo[0m
[2.046s] [ 66%] Built target central_controller
[2.046s] [ 66%] Built target front_right_servo_controller
[2.046s] [ 66%] Built target imu
[2.048s] [ 77%] [32mBuilding CXX object CMakeFiles/front_right_solo.dir/src/FrontRightSOLO.cpp.o[0m
[6.095s] [ 88%] [32m[1mLinking CXX executable front_right_solo[0m
[6.273s] /usr/bin/ld: CMakeFiles/front_right_solo.dir/src/FrontRightSOLO.cpp.o: in function `main':
[6.273s] FrontRightSOLO.cpp:(.text+0xa5): undefined reference to `SoloUno::SoloUno(char)'
[6.289s] collect2: error: ld returned 1 exit status
[6.290s] gmake[2]: *** [CMakeFiles/front_right_solo.dir/build.make:175: front_right_solo] Error 1
[6.290s] gmake[1]: *** [CMakeFiles/Makefile2:221: CMakeFiles/front_right_solo.dir/all] Error 2
[6.290s] gmake: *** [Makefile:146: all] Error 2
[6.291s] Invoked command in '/10march/SM-DSAP23-24/build/digital_architecture' returned '2': CMAKE_PREFIX_PATH=${CMAKE_PREFIX_PATH}:/opt/ros/humble /usr/bin/cmake --build /10march/SM-DSAP23-24/build/digital_architecture -- -j24 -l24
