[0.030s] Invoking command in '/home/sysmodel/28march_ws/SM-DSAP23-24/build/digital_architecture': /usr/bin/cmake /home/sysmodel/28march_ws/SM-DSAP23-24/src/demo_leds -DCMAKE_INSTALL_PREFIX=/home/sysmodel/28march_ws/SM-DSAP23-24/install/digital_architecture
[0.156s] -- The C compiler identification is GNU 11.4.0
[0.233s] -- The CXX compiler identification is GNU 11.4.0
[0.247s] -- Detecting C compiler ABI info
[0.325s] -- Detecting C compiler ABI info - done
[0.334s] -- Check for working C compiler: /usr/bin/cc - skipped
[0.335s] -- Detecting C compile features
[0.335s] -- Detecting C compile features - done
[0.339s] -- Detecting CXX compiler ABI info
[0.421s] -- Detecting CXX compiler ABI info - done
[0.430s] -- Check for working CXX compiler: /usr/bin/c++ - skipped
[0.430s] -- Detecting CXX compile features
[0.431s] -- Detecting CXX compile features - done
[0.506s] [31mCMake Error at CMakeLists.txt:12 (find_package):
[0.506s]   By not providing "Findament_cmake.cmake" in CMAKE_MODULE_PATH this project
[0.506s]   has asked CMake to find a package configuration file provided by
[0.506s]   "ament_cmake", but CMake did not find one.
[0.506s] 
[0.506s]   Could not find a package configuration file provided by "ament_cmake" with
[0.506s]   any of the following names:
[0.507s] 
[0.507s]     ament_cmakeConfig.cmake
[0.507s]     ament_cmake-config.cmake
[0.507s] 
[0.507s]   Add the installation prefix of "ament_cmake" to CMAKE_PREFIX_PATH or set
[0.507s]   "ament_cmake_DIR" to a directory containing one of the above files.  If
[0.507s]   "ament_cmake" provides a separate development package or SDK, be sure it
[0.507s]   has been installed.
[0.507s] 
[0.507s] [0m
[0.507s] -- Configuring incomplete, errors occurred!
[0.507s] See also "/home/sysmodel/28march_ws/SM-DSAP23-24/build/digital_architecture/CMakeFiles/CMakeOutput.log".
[0.510s] Invoked command in '/home/sysmodel/28march_ws/SM-DSAP23-24/build/digital_architecture' returned '1': /usr/bin/cmake /home/sysmodel/28march_ws/SM-DSAP23-24/src/demo_leds -DCMAKE_INSTALL_PREFIX=/home/sysmodel/28march_ws/SM-DSAP23-24/install/digital_architecture
