[0.029s] Invoking command in '/10march/SM-DSAP23-24/build/digital_architecture': CMAKE_PREFIX_PATH=${CMAKE_PREFIX_PATH}:/opt/ros/humble /usr/bin/cmake --build /10march/SM-DSAP23-24/build/digital_architecture -- -j24 -l24
[0.046s] [35m[1mConsolidate compiler generated dependencies of target front_right_solo[0m
[0.050s] [ 44%] Built target imu
[0.050s] [ 44%] Built target central_controller
[0.050s] [ 66%] Built target front_right_servo_controller
[0.052s] [ 77%] [32mBuilding CXX object CMakeFiles/front_right_solo.dir/src/FrontRightSOLO.cpp.o[0m
[0.053s] [ 88%] [32mBuilding CXX object CMakeFiles/front_right_solo.dir/src/SOLOUno.cpp.o[0m
[0.247s] [01m[K/10march/SM-DSAP23-24/src/demo_leds/src/SOLOUno.cpp:21:7:[m[K [01;31m[Kerror: [m[Kredefinition of ‘[01m[Kclass SoloUno[m[K’
[0.247s]    21 | class [01;31m[KSoloUno[m[K {
[0.247s]       |       [01;31m[K^~~~~~~[m[K
[0.247s] In file included from [01m[K/10march/SM-DSAP23-24/src/demo_leds/src/SOLOUno.cpp:4[m[K:
[0.247s] [01m[K/10march/SM-DSAP23-24/src/demo_leds/src/SOLOUno.h:11:7:[m[K [01;36m[Knote: [m[Kprevious definition of ‘[01m[Kclass SoloUno[m[K’
[0.247s]    11 | class [01;36m[KSoloUno[m[K {
[0.247s]       |       [01;36m[K^~~~~~~[m[K
[0.279s] gmake[2]: *** [CMakeFiles/front_right_solo.dir/build.make:90: CMakeFiles/front_right_solo.dir/src/SOLOUno.cpp.o] Error 1
[0.279s] gmake[2]: *** Waiting for unfinished jobs....
[1.154s] [01m[K/10march/SM-DSAP23-24/src/demo_leds/src/FrontRightSOLO.cpp:[m[K In function ‘[01m[Kint main(int, char**)[m[K’:
[1.154s] [01m[K/10march/SM-DSAP23-24/src/demo_leds/src/FrontRightSOLO.cpp:67:14:[m[K [01;31m[Kerror: [m[K‘[01m[KSoloUno[m[K’ has not been declared
[1.154s]    67 |   int test = [01;31m[KSoloUno[m[K::staticTesting();
[1.154s]       |              [01;31m[K^~~~~~~[m[K
[1.156s] [01m[K/10march/SM-DSAP23-24/src/demo_leds/src/FrontRightSOLO.cpp:67:7:[m[K [01;35m[Kwarning: [m[Kunused variable ‘[01m[Ktest[m[K’ [[01;35m[K]8;;https://gcc.gnu.org/onlinedocs/gcc/Warning-Options.html#index-Wunused-variable-Wunused-variable]8;;[m[K]
[1.156s]    67 |   int [01;35m[Ktest[m[K = SoloUno::staticTesting();
[1.156s]       |       [01;35m[K^~~~[m[K
[2.419s] gmake[2]: *** [CMakeFiles/front_right_solo.dir/build.make:76: CMakeFiles/front_right_solo.dir/src/FrontRightSOLO.cpp.o] Error 1
[2.419s] gmake[1]: *** [CMakeFiles/Makefile2:221: CMakeFiles/front_right_solo.dir/all] Error 2
[2.419s] gmake: *** [Makefile:146: all] Error 2
[2.421s] Invoked command in '/10march/SM-DSAP23-24/build/digital_architecture' returned '2': CMAKE_PREFIX_PATH=${CMAKE_PREFIX_PATH}:/opt/ros/humble /usr/bin/cmake --build /10march/SM-DSAP23-24/build/digital_architecture -- -j24 -l24
