[0.086s] Invoking command in '/home/sysmodel/13feb/SM-DSAP23-24/build/digital_architecture': CMAKE_PREFIX_PATH=${CMAKE_PREFIX_PATH}:/opt/ros/humble /usr/bin/cmake --build /home/sysmodel/13feb/SM-DSAP23-24/build/digital_architecture -- -j8 -l8
[0.115s] -- Found ament_cmake: 1.3.7 (/opt/ros/humble/share/ament_cmake/cmake)
[0.272s] -- Found rclcpp: 16.0.8 (/opt/ros/humble/share/rclcpp/cmake)
[0.303s] -- Found rosidl_generator_c: 3.1.5 (/opt/ros/humble/share/rosidl_generator_c/cmake)
[0.306s] -- Found rosidl_adapter: 3.1.5 (/opt/ros/humble/share/rosidl_adapter/cmake)
[0.313s] -- Found rosidl_generator_cpp: 3.1.5 (/opt/ros/humble/share/rosidl_generator_cpp/cmake)
[0.327s] -- Using all available rosidl_typesupport_c: rosidl_typesupport_fastrtps_c;rosidl_typesupport_introspection_c
[0.347s] -- Using all available rosidl_typesupport_cpp: rosidl_typesupport_fastrtps_cpp;rosidl_typesupport_introspection_cpp
[0.417s] -- Found rmw_implementation_cmake: 6.1.1 (/opt/ros/humble/share/rmw_implementation_cmake/cmake)
[0.419s] -- Found rmw_fastrtps_cpp: 6.2.6 (/opt/ros/humble/share/rmw_fastrtps_cpp/cmake)
[0.543s] -- Using RMW implementation 'rmw_fastrtps_cpp' as default
[0.746s] [31mCMake Error at CMakeLists.txt:15 (find_package):
[0.746s]   By not providing "FindLibSerial.cmake" in CMAKE_MODULE_PATH this project
[0.746s]   has asked CMake to find a package configuration file provided by
[0.746s]   "LibSerial", but CMake did not find one.
[0.746s] 
[0.746s]   Could not find a package configuration file provided by "LibSerial" with
[0.746s]   any of the following names:
[0.746s] 
[0.746s]     LibSerialConfig.cmake
[0.746s]     libserial-config.cmake
[0.746s] 
[0.746s]   Add the installation prefix of "LibSerial" to CMAKE_PREFIX_PATH or set
[0.747s]   "LibSerial_DIR" to a directory containing one of the above files.  If
[0.747s]   "LibSerial" provides a separate development package or SDK, be sure it has
[0.747s]   been installed.
[0.747s] 
[0.747s] [0m
[0.747s] -- Configuring incomplete, errors occurred!
[0.747s] See also "/home/sysmodel/13feb/SM-DSAP23-24/build/digital_architecture/CMakeFiles/CMakeOutput.log".
[0.752s] gmake: *** [Makefile:390: cmake_check_build_system] Error 1
[0.755s] Invoked command in '/home/sysmodel/13feb/SM-DSAP23-24/build/digital_architecture' returned '2': CMAKE_PREFIX_PATH=${CMAKE_PREFIX_PATH}:/opt/ros/humble /usr/bin/cmake --build /home/sysmodel/13feb/SM-DSAP23-24/build/digital_architecture -- -j8 -l8
