[31mCMake Error at /opt/ros/humble/share/ament_cmake_target_dependencies/cmake/ament_target_dependencies.cmake:145 (target_link_libraries):
  The keyword signature for target_link_libraries has already been used with
  the target "central_controller".  All uses of target_link_libraries with a
  target must be either all-keyword or all-plain.

  The uses of the keyword signature are here:

   * CMakeLists.txt:23 (target_link_libraries)

Call Stack (most recent call first):
  CMakeLists.txt:25 (ament_target_dependencies)

[0m
[31mCMake Error at CMakeLists.txt:39 (target_link_libraries):
  The plain signature for target_link_libraries has already been used with
  the target "central_controller".  All uses of target_link_libraries with a
  target must be either all-keyword or all-plain.

  The uses of the plain signature are here:

   * /opt/ros/humble/share/ament_cmake_target_dependencies/cmake/ament_target_dependencies.cmake:145 (target_link_libraries)


[0m
[31mCMake Error at CMakeLists.txt:45 (target_link_libraries):
  The plain signature for target_link_libraries has already been used with
  the target "your_node_executable_name".  All uses of target_link_libraries
  with a target must be either all-keyword or all-plain.

  The uses of the plain signature are here:

   * /opt/ros/humble/share/ament_cmake_target_dependencies/cmake/ament_target_dependencies.cmake:145 (target_link_libraries)


[0m
gmake: *** [Makefile:390: cmake_check_build_system] Error 1
