[0.086s] Invoking command in '/home/sysmodel/13feb/SM-DSAP23-24/build/digital_architecture': CMAKE_PREFIX_PATH=${CMAKE_PREFIX_PATH}:/opt/ros/humble /usr/bin/cmake --build /home/sysmodel/13feb/SM-DSAP23-24/build/digital_architecture -- -j8 -l8
[0.132s] [35m[1mConsolidate compiler generated dependencies of target central_controller[0m
[0.144s] [ 62%] Built target front_right_solo
[0.144s] [ 62%] Built target front_right_servo_controller
[0.144s] [ 75%] Built target imu
[0.151s] [ 87%] [32mBuilding CXX object CMakeFiles/central_controller.dir/src/CentralController.cpp.o[0m
[9.623s] [100%] [32m[1mLinking CXX executable central_controller[0m
[10.022s] [100%] Built target central_controller
[10.033s] Invoked command in '/home/sysmodel/13feb/SM-DSAP23-24/build/digital_architecture' returned '0': CMAKE_PREFIX_PATH=${CMAKE_PREFIX_PATH}:/opt/ros/humble /usr/bin/cmake --build /home/sysmodel/13feb/SM-DSAP23-24/build/digital_architecture -- -j8 -l8
[10.085s] Invoking command in '/home/sysmodel/13feb/SM-DSAP23-24/build/digital_architecture': CMAKE_PREFIX_PATH=${CMAKE_PREFIX_PATH}:/opt/ros/humble /usr/bin/cmake --install /home/sysmodel/13feb/SM-DSAP23-24/build/digital_architecture
[10.092s] -- Install configuration: ""
[10.092s] -- Up-to-date: /home/sysmodel/13feb/SM-DSAP23-24/install/digital_architecture/lib/digital_architecture/imu
[10.092s] -- Installing: /home/sysmodel/13feb/SM-DSAP23-24/install/digital_architecture/lib/digital_architecture/central_controller
[10.098s] -- Set runtime path of "/home/sysmodel/13feb/SM-DSAP23-24/install/digital_architecture/lib/digital_architecture/central_controller" to ""
[10.098s] -- Up-to-date: /home/sysmodel/13feb/SM-DSAP23-24/install/digital_architecture/lib/digital_architecture/front_right_servo_controller
[10.098s] -- Up-to-date: /home/sysmodel/13feb/SM-DSAP23-24/install/digital_architecture/lib/digital_architecture/front_right_solo
[10.099s] -- Up-to-date: /home/sysmodel/13feb/SM-DSAP23-24/install/digital_architecture/share/ament_index/resource_index/package_run_dependencies/digital_architecture
[10.099s] -- Up-to-date: /home/sysmodel/13feb/SM-DSAP23-24/install/digital_architecture/share/ament_index/resource_index/parent_prefix_path/digital_architecture
[10.099s] -- Up-to-date: /home/sysmodel/13feb/SM-DSAP23-24/install/digital_architecture/share/digital_architecture/environment/ament_prefix_path.sh
[10.099s] -- Up-to-date: /home/sysmodel/13feb/SM-DSAP23-24/install/digital_architecture/share/digital_architecture/environment/ament_prefix_path.dsv
[10.099s] -- Up-to-date: /home/sysmodel/13feb/SM-DSAP23-24/install/digital_architecture/share/digital_architecture/environment/path.sh
[10.099s] -- Up-to-date: /home/sysmodel/13feb/SM-DSAP23-24/install/digital_architecture/share/digital_architecture/environment/path.dsv
[10.100s] -- Up-to-date: /home/sysmodel/13feb/SM-DSAP23-24/install/digital_architecture/share/digital_architecture/local_setup.bash
[10.100s] -- Up-to-date: /home/sysmodel/13feb/SM-DSAP23-24/install/digital_architecture/share/digital_architecture/local_setup.sh
[10.100s] -- Up-to-date: /home/sysmodel/13feb/SM-DSAP23-24/install/digital_architecture/share/digital_architecture/local_setup.zsh
[10.100s] -- Up-to-date: /home/sysmodel/13feb/SM-DSAP23-24/install/digital_architecture/share/digital_architecture/local_setup.dsv
[10.100s] -- Installing: /home/sysmodel/13feb/SM-DSAP23-24/install/digital_architecture/share/digital_architecture/package.dsv
[10.100s] -- Up-to-date: /home/sysmodel/13feb/SM-DSAP23-24/install/digital_architecture/share/ament_index/resource_index/packages/digital_architecture
[10.100s] -- Up-to-date: /home/sysmodel/13feb/SM-DSAP23-24/install/digital_architecture/share/digital_architecture/cmake/digital_architectureConfig.cmake
[10.100s] -- Up-to-date: /home/sysmodel/13feb/SM-DSAP23-24/install/digital_architecture/share/digital_architecture/cmake/digital_architectureConfig-version.cmake
[10.100s] -- Up-to-date: /home/sysmodel/13feb/SM-DSAP23-24/install/digital_architecture/share/digital_architecture/package.xml
[10.101s] Invoked command in '/home/sysmodel/13feb/SM-DSAP23-24/build/digital_architecture' returned '0': CMAKE_PREFIX_PATH=${CMAKE_PREFIX_PATH}:/opt/ros/humble /usr/bin/cmake --install /home/sysmodel/13feb/SM-DSAP23-24/build/digital_architecture
