[5.244s] DEBUG:colcon:Command line arguments: ['/usr/bin/colcon', 'build']
[5.244s] DEBUG:colcon:Parsed command line arguments: Namespace(log_base=None, log_level=None, verb_name='build', build_base='build', install_base='install', merge_install=False, symlink_install=False, test_result_base=None, continue_on_error=False, executor='parallel', parallel_workers=8, event_handlers=None, ignore_user_meta=False, metas=['./colcon.meta'], base_paths=['.'], packages_ignore=None, packages_ignore_regex=None, paths=None, packages_up_to=None, packages_up_to_regex=None, packages_above=None, packages_above_and_dependencies=None, packages_above_depth=None, packages_select_by_dep=None, packages_skip_by_dep=None, packages_skip_up_to=None, packages_select_build_failed=False, packages_skip_build_finished=False, packages_select_test_failures=False, packages_skip_test_passed=False, packages_select=None, packages_skip=None, packages_select_regex=None, packages_skip_regex=None, packages_start=None, packages_end=None, allow_overriding=[], cmake_args=None, cmake_target=None, cmake_target_skip_unavailable=False, cmake_clean_cache=False, cmake_clean_first=False, cmake_force_configure=False, ament_cmake_args=None, catkin_cmake_args=None, catkin_skip_building_tests=False, verb_parser=<colcon_defaults.argument_parser.defaults.DefaultArgumentsDecorator object at 0x7f4114702560>, verb_extension=<colcon_core.verb.build.BuildVerb object at 0x7f4114703ee0>, main=<bound method BuildVerb.main of <colcon_core.verb.build.BuildVerb object at 0x7f4114703ee0>>)
[5.525s] Level 1:colcon.colcon_core.package_discovery:discover_packages(colcon_meta) check parameters
[5.525s] Level 1:colcon.colcon_core.package_discovery:discover_packages(recursive) check parameters
[5.525s] Level 1:colcon.colcon_core.package_discovery:discover_packages(ignore) check parameters
[5.526s] Level 1:colcon.colcon_core.package_discovery:discover_packages(path) check parameters
[5.526s] Level 1:colcon.colcon_core.package_discovery:discover_packages(colcon_meta) discover
[5.526s] Level 1:colcon.colcon_core.package_discovery:discover_packages(recursive) discover
[5.526s] INFO:colcon.colcon_core.package_discovery:Crawling recursively for packages in '/home/sysmodel/13feb/SM-DSAP23-24'
[5.526s] Level 1:colcon.colcon_core.package_identification:_identify(.) by extensions ['ignore', 'ignore_ament_install']
[5.526s] Level 1:colcon.colcon_core.package_identification:_identify(.) by extension 'ignore'
[5.526s] Level 1:colcon.colcon_core.package_identification:_identify(.) by extension 'ignore_ament_install'
[5.526s] Level 1:colcon.colcon_core.package_identification:_identify(.) by extensions ['colcon_pkg']
[5.526s] Level 1:colcon.colcon_core.package_identification:_identify(.) by extension 'colcon_pkg'
[5.526s] Level 1:colcon.colcon_core.package_identification:_identify(.) by extensions ['colcon_meta']
[5.526s] Level 1:colcon.colcon_core.package_identification:_identify(.) by extension 'colcon_meta'
[5.526s] Level 1:colcon.colcon_core.package_identification:_identify(.) by extensions ['ros']
[5.526s] Level 1:colcon.colcon_core.package_identification:_identify(.) by extension 'ros'
[5.560s] Level 1:colcon.colcon_core.package_identification:_identify(.) by extensions ['cmake', 'python']
[5.561s] Level 1:colcon.colcon_core.package_identification:_identify(.) by extension 'cmake'
[5.561s] Level 1:colcon.colcon_core.package_identification:_identify(.) by extension 'python'
[5.561s] Level 1:colcon.colcon_core.package_identification:_identify(.) by extensions ['python_setup_py']
[5.561s] Level 1:colcon.colcon_core.package_identification:_identify(.) by extension 'python_setup_py'
[5.561s] Level 1:colcon.colcon_core.package_identification:_identify(build) by extensions ['ignore', 'ignore_ament_install']
[5.561s] Level 1:colcon.colcon_core.package_identification:_identify(build) by extension 'ignore'
[5.561s] Level 1:colcon.colcon_core.package_identification:_identify(build) ignored
[5.561s] Level 1:colcon.colcon_core.package_identification:_identify(install) by extensions ['ignore', 'ignore_ament_install']
[5.561s] Level 1:colcon.colcon_core.package_identification:_identify(install) by extension 'ignore'
[5.561s] Level 1:colcon.colcon_core.package_identification:_identify(install) ignored
[5.561s] Level 1:colcon.colcon_core.package_identification:_identify(log) by extensions ['ignore', 'ignore_ament_install']
[5.561s] Level 1:colcon.colcon_core.package_identification:_identify(log) by extension 'ignore'
[5.562s] Level 1:colcon.colcon_core.package_identification:_identify(log) ignored
[5.562s] Level 1:colcon.colcon_core.package_identification:_identify(src) by extensions ['ignore', 'ignore_ament_install']
[5.562s] Level 1:colcon.colcon_core.package_identification:_identify(src) by extension 'ignore'
[5.562s] Level 1:colcon.colcon_core.package_identification:_identify(src) by extension 'ignore_ament_install'
[5.562s] Level 1:colcon.colcon_core.package_identification:_identify(src) by extensions ['colcon_pkg']
[5.562s] Level 1:colcon.colcon_core.package_identification:_identify(src) by extension 'colcon_pkg'
[5.562s] Level 1:colcon.colcon_core.package_identification:_identify(src) by extensions ['colcon_meta']
[5.562s] Level 1:colcon.colcon_core.package_identification:_identify(src) by extension 'colcon_meta'
[5.562s] Level 1:colcon.colcon_core.package_identification:_identify(src) by extensions ['ros']
[5.562s] Level 1:colcon.colcon_core.package_identification:_identify(src) by extension 'ros'
[5.562s] Level 1:colcon.colcon_core.package_identification:_identify(src) by extensions ['cmake', 'python']
[5.562s] Level 1:colcon.colcon_core.package_identification:_identify(src) by extension 'cmake'
[5.562s] Level 1:colcon.colcon_core.package_identification:_identify(src) by extension 'python'
[5.562s] Level 1:colcon.colcon_core.package_identification:_identify(src) by extensions ['python_setup_py']
[5.562s] Level 1:colcon.colcon_core.package_identification:_identify(src) by extension 'python_setup_py'
[5.562s] Level 1:colcon.colcon_core.package_identification:_identify(src/demo_leds) by extensions ['ignore', 'ignore_ament_install']
[5.563s] Level 1:colcon.colcon_core.package_identification:_identify(src/demo_leds) by extension 'ignore'
[5.563s] Level 1:colcon.colcon_core.package_identification:_identify(src/demo_leds) by extension 'ignore_ament_install'
[5.563s] Level 1:colcon.colcon_core.package_identification:_identify(src/demo_leds) by extensions ['colcon_pkg']
[5.563s] Level 1:colcon.colcon_core.package_identification:_identify(src/demo_leds) by extension 'colcon_pkg'
[5.563s] Level 1:colcon.colcon_core.package_identification:_identify(src/demo_leds) by extensions ['colcon_meta']
[5.563s] Level 1:colcon.colcon_core.package_identification:_identify(src/demo_leds) by extension 'colcon_meta'
[5.563s] Level 1:colcon.colcon_core.package_identification:_identify(src/demo_leds) by extensions ['ros']
[5.563s] Level 1:colcon.colcon_core.package_identification:_identify(src/demo_leds) by extension 'ros'
[5.573s] DEBUG:colcon.colcon_core.package_identification:Package 'src/demo_leds' with type 'ros.ament_cmake' and name 'digital_architecture'
[5.573s] Level 1:colcon.colcon_core.package_identification:_identify(src/testIMU) by extensions ['ignore', 'ignore_ament_install']
[5.573s] Level 1:colcon.colcon_core.package_identification:_identify(src/testIMU) by extension 'ignore'
[5.573s] Level 1:colcon.colcon_core.package_identification:_identify(src/testIMU) by extension 'ignore_ament_install'
[5.573s] Level 1:colcon.colcon_core.package_identification:_identify(src/testIMU) by extensions ['colcon_pkg']
[5.573s] Level 1:colcon.colcon_core.package_identification:_identify(src/testIMU) by extension 'colcon_pkg'
[5.573s] Level 1:colcon.colcon_core.package_identification:_identify(src/testIMU) by extensions ['colcon_meta']
[5.573s] Level 1:colcon.colcon_core.package_identification:_identify(src/testIMU) by extension 'colcon_meta'
[5.574s] Level 1:colcon.colcon_core.package_identification:_identify(src/testIMU) by extensions ['ros']
[5.574s] Level 1:colcon.colcon_core.package_identification:_identify(src/testIMU) by extension 'ros'
[5.574s] Level 1:colcon.colcon_core.package_identification:_identify(src/testIMU) by extensions ['cmake', 'python']
[5.574s] Level 1:colcon.colcon_core.package_identification:_identify(src/testIMU) by extension 'cmake'
[5.574s] Level 1:colcon.colcon_core.package_identification:_identify(src/testIMU) by extension 'python'
[5.574s] Level 1:colcon.colcon_core.package_identification:_identify(src/testIMU) by extensions ['python_setup_py']
[5.574s] Level 1:colcon.colcon_core.package_identification:_identify(src/testIMU) by extension 'python_setup_py'
[5.574s] Level 1:colcon.colcon_core.package_discovery:discover_packages(recursive) using defaults
[5.574s] Level 1:colcon.colcon_core.package_discovery:discover_packages(ignore) discover
[5.574s] Level 1:colcon.colcon_core.package_discovery:discover_packages(ignore) using defaults
[5.574s] Level 1:colcon.colcon_core.package_discovery:discover_packages(path) discover
[5.574s] Level 1:colcon.colcon_core.package_discovery:discover_packages(path) using defaults
[5.846s] Level 1:colcon.colcon_core.package_discovery:discover_packages(prefix_path) check parameters
[5.846s] Level 1:colcon.colcon_core.package_discovery:discover_packages(prefix_path) discover
[5.887s] DEBUG:colcon.colcon_installed_package_information.package_discovery:Found 270 installed packages in /opt/ros/humble
[5.888s] Level 1:colcon.colcon_core.package_discovery:discover_packages(prefix_path) using defaults
[6.006s] Level 5:colcon.colcon_core.verb:set package 'digital_architecture' build argument 'cmake_args' from command line to 'None'
[6.007s] Level 5:colcon.colcon_core.verb:set package 'digital_architecture' build argument 'cmake_target' from command line to 'None'
[6.007s] Level 5:colcon.colcon_core.verb:set package 'digital_architecture' build argument 'cmake_target_skip_unavailable' from command line to 'False'
[6.007s] Level 5:colcon.colcon_core.verb:set package 'digital_architecture' build argument 'cmake_clean_cache' from command line to 'False'
[6.007s] Level 5:colcon.colcon_core.verb:set package 'digital_architecture' build argument 'cmake_clean_first' from command line to 'False'
[6.007s] Level 5:colcon.colcon_core.verb:set package 'digital_architecture' build argument 'cmake_force_configure' from command line to 'False'
[6.007s] Level 5:colcon.colcon_core.verb:set package 'digital_architecture' build argument 'ament_cmake_args' from command line to 'None'
[6.007s] Level 5:colcon.colcon_core.verb:set package 'digital_architecture' build argument 'catkin_cmake_args' from command line to 'None'
[6.007s] Level 5:colcon.colcon_core.verb:set package 'digital_architecture' build argument 'catkin_skip_building_tests' from command line to 'False'
[6.007s] DEBUG:colcon.colcon_core.verb:Building package 'digital_architecture' with the following arguments: {'ament_cmake_args': None, 'build_base': '/home/sysmodel/13feb/SM-DSAP23-24/build/digital_architecture', 'catkin_cmake_args': None, 'catkin_skip_building_tests': False, 'cmake_args': None, 'cmake_clean_cache': False, 'cmake_clean_first': False, 'cmake_force_configure': False, 'cmake_target': None, 'cmake_target_skip_unavailable': False, 'install_base': '/home/sysmodel/13feb/SM-DSAP23-24/install/digital_architecture', 'merge_install': False, 'path': '/home/sysmodel/13feb/SM-DSAP23-24/src/demo_leds', 'symlink_install': False, 'test_result_base': None}
[6.025s] INFO:colcon.colcon_core.executor:Executing jobs using 'parallel' executor
[6.044s] DEBUG:colcon.colcon_parallel_executor.executor.parallel:run_until_complete
[6.044s] INFO:colcon.colcon_ros.task.ament_cmake.build:Building ROS package in '/home/sysmodel/13feb/SM-DSAP23-24/src/demo_leds' with build type 'ament_cmake'
[6.044s] INFO:colcon.colcon_cmake.task.cmake.build:Building CMake package in '/home/sysmodel/13feb/SM-DSAP23-24/src/demo_leds'
[6.066s] INFO:colcon.colcon_core.plugin_system:Skipping extension 'colcon_core.shell.bat': Not used on non-Windows systems
[6.066s] INFO:colcon.colcon_core.shell:Skip shell extension 'powershell' for command environment: Not usable outside of PowerShell
[6.067s] DEBUG:colcon.colcon_core.shell:Skip shell extension 'dsv' for command environment
[6.111s] DEBUG:colcon.colcon_core.event_handler.log_command:Invoking command in '/home/sysmodel/13feb/SM-DSAP23-24/build/digital_architecture': CMAKE_PREFIX_PATH=/opt/ros/humble /usr/bin/cmake /home/sysmodel/13feb/SM-DSAP23-24/src/demo_leds -DCMAKE_INSTALL_PREFIX=/home/sysmodel/13feb/SM-DSAP23-24/install/digital_architecture
[9.571s] DEBUG:colcon.colcon_core.event_handler.log_command:Invoked command in '/home/sysmodel/13feb/SM-DSAP23-24/build/digital_architecture' returned '0': CMAKE_PREFIX_PATH=/opt/ros/humble /usr/bin/cmake /home/sysmodel/13feb/SM-DSAP23-24/src/demo_leds -DCMAKE_INSTALL_PREFIX=/home/sysmodel/13feb/SM-DSAP23-24/install/digital_architecture
[9.575s] DEBUG:colcon.colcon_core.event_handler.log_command:Invoking command in '/home/sysmodel/13feb/SM-DSAP23-24/build/digital_architecture': CMAKE_PREFIX_PATH=/opt/ros/humble /usr/bin/cmake --build /home/sysmodel/13feb/SM-DSAP23-24/build/digital_architecture -- -j8 -l8
[21.575s] DEBUG:colcon.colcon_core.event_handler.log_command:Invoked command in '/home/sysmodel/13feb/SM-DSAP23-24/build/digital_architecture' returned '0': CMAKE_PREFIX_PATH=/opt/ros/humble /usr/bin/cmake --build /home/sysmodel/13feb/SM-DSAP23-24/build/digital_architecture -- -j8 -l8
[21.625s] DEBUG:colcon.colcon_core.event_handler.log_command:Invoking command in '/home/sysmodel/13feb/SM-DSAP23-24/build/digital_architecture': CMAKE_PREFIX_PATH=/opt/ros/humble /usr/bin/cmake --install /home/sysmodel/13feb/SM-DSAP23-24/build/digital_architecture
[21.652s] Level 1:colcon.colcon_core.environment:create_environment_scripts_only(digital_architecture)
[21.653s] DEBUG:colcon.colcon_core.event_handler.log_command:Invoked command in '/home/sysmodel/13feb/SM-DSAP23-24/build/digital_architecture' returned '0': CMAKE_PREFIX_PATH=/opt/ros/humble /usr/bin/cmake --install /home/sysmodel/13feb/SM-DSAP23-24/build/digital_architecture
[21.734s] Level 1:colcon.colcon_core.environment:checking '/home/sysmodel/13feb/SM-DSAP23-24/install/digital_architecture' for CMake module files
[21.734s] Level 1:colcon.colcon_core.environment:checking '/home/sysmodel/13feb/SM-DSAP23-24/install/digital_architecture' for CMake config files
[21.734s] Level 1:colcon.colcon_core.shell:create_environment_hook('digital_architecture', 'cmake_prefix_path')
[21.753s] INFO:colcon.colcon_core.shell:Creating environment hook '/home/sysmodel/13feb/SM-DSAP23-24/install/digital_architecture/share/digital_architecture/hook/cmake_prefix_path.ps1'
[21.772s] INFO:colcon.colcon_core.shell:Creating environment descriptor '/home/sysmodel/13feb/SM-DSAP23-24/install/digital_architecture/share/digital_architecture/hook/cmake_prefix_path.dsv'
[21.780s] INFO:colcon.colcon_core.shell:Creating environment hook '/home/sysmodel/13feb/SM-DSAP23-24/install/digital_architecture/share/digital_architecture/hook/cmake_prefix_path.sh'
[21.782s] Level 1:colcon.colcon_core.environment:checking '/home/sysmodel/13feb/SM-DSAP23-24/install/digital_architecture/lib'
[21.782s] Level 1:colcon.colcon_core.environment:checking '/home/sysmodel/13feb/SM-DSAP23-24/install/digital_architecture/bin'
[21.782s] Level 1:colcon.colcon_core.environment:checking '/home/sysmodel/13feb/SM-DSAP23-24/install/digital_architecture/lib/pkgconfig/digital_architecture.pc'
[21.783s] Level 1:colcon.colcon_core.environment:checking '/home/sysmodel/13feb/SM-DSAP23-24/install/digital_architecture/lib/python3.10/site-packages'
[21.783s] Level 1:colcon.colcon_core.environment:checking '/home/sysmodel/13feb/SM-DSAP23-24/install/digital_architecture/bin'
[21.816s] INFO:colcon.colcon_core.shell:Creating package script '/home/sysmodel/13feb/SM-DSAP23-24/install/digital_architecture/share/digital_architecture/package.ps1'
[21.818s] INFO:colcon.colcon_core.shell:Creating package descriptor '/home/sysmodel/13feb/SM-DSAP23-24/install/digital_architecture/share/digital_architecture/package.dsv'
[21.819s] INFO:colcon.colcon_core.shell:Creating package script '/home/sysmodel/13feb/SM-DSAP23-24/install/digital_architecture/share/digital_architecture/package.sh'
[21.820s] INFO:colcon.colcon_core.shell:Creating package script '/home/sysmodel/13feb/SM-DSAP23-24/install/digital_architecture/share/digital_architecture/package.bash'
[21.833s] INFO:colcon.colcon_core.shell:Creating package script '/home/sysmodel/13feb/SM-DSAP23-24/install/digital_architecture/share/digital_architecture/package.zsh'
[21.847s] Level 1:colcon.colcon_core.environment:create_file_with_runtime_dependencies(/home/sysmodel/13feb/SM-DSAP23-24/install/digital_architecture/share/colcon-core/packages/digital_architecture)
[21.922s] Level 1:colcon.colcon_core.environment:create_environment_scripts_only(digital_architecture)
[21.949s] Level 1:colcon.colcon_core.environment:checking '/home/sysmodel/13feb/SM-DSAP23-24/install/digital_architecture' for CMake module files
[21.950s] Level 1:colcon.colcon_core.environment:checking '/home/sysmodel/13feb/SM-DSAP23-24/install/digital_architecture' for CMake config files
[21.950s] Level 1:colcon.colcon_core.shell:create_environment_hook('digital_architecture', 'cmake_prefix_path')
[21.971s] INFO:colcon.colcon_core.shell:Creating environment hook '/home/sysmodel/13feb/SM-DSAP23-24/install/digital_architecture/share/digital_architecture/hook/cmake_prefix_path.ps1'
[21.971s] INFO:colcon.colcon_core.shell:Creating environment descriptor '/home/sysmodel/13feb/SM-DSAP23-24/install/digital_architecture/share/digital_architecture/hook/cmake_prefix_path.dsv'
[21.972s] INFO:colcon.colcon_core.shell:Creating environment hook '/home/sysmodel/13feb/SM-DSAP23-24/install/digital_architecture/share/digital_architecture/hook/cmake_prefix_path.sh'
[21.972s] Level 1:colcon.colcon_core.environment:checking '/home/sysmodel/13feb/SM-DSAP23-24/install/digital_architecture/lib'
[21.972s] Level 1:colcon.colcon_core.environment:checking '/home/sysmodel/13feb/SM-DSAP23-24/install/digital_architecture/bin'
[21.972s] Level 1:colcon.colcon_core.environment:checking '/home/sysmodel/13feb/SM-DSAP23-24/install/digital_architecture/lib/pkgconfig/digital_architecture.pc'
[21.973s] Level 1:colcon.colcon_core.environment:checking '/home/sysmodel/13feb/SM-DSAP23-24/install/digital_architecture/lib/python3.10/site-packages'
[21.973s] Level 1:colcon.colcon_core.environment:checking '/home/sysmodel/13feb/SM-DSAP23-24/install/digital_architecture/bin'
[22.002s] INFO:colcon.colcon_core.shell:Creating package script '/home/sysmodel/13feb/SM-DSAP23-24/install/digital_architecture/share/digital_architecture/package.ps1'
[22.003s] INFO:colcon.colcon_core.shell:Creating package descriptor '/home/sysmodel/13feb/SM-DSAP23-24/install/digital_architecture/share/digital_architecture/package.dsv'
[22.003s] INFO:colcon.colcon_core.shell:Creating package script '/home/sysmodel/13feb/SM-DSAP23-24/install/digital_architecture/share/digital_architecture/package.sh'
[22.004s] INFO:colcon.colcon_core.shell:Creating package script '/home/sysmodel/13feb/SM-DSAP23-24/install/digital_architecture/share/digital_architecture/package.bash'
[22.004s] INFO:colcon.colcon_core.shell:Creating package script '/home/sysmodel/13feb/SM-DSAP23-24/install/digital_architecture/share/digital_architecture/package.zsh'
[22.004s] Level 1:colcon.colcon_core.environment:create_file_with_runtime_dependencies(/home/sysmodel/13feb/SM-DSAP23-24/install/digital_architecture/share/colcon-core/packages/digital_architecture)
[22.005s] DEBUG:colcon.colcon_parallel_executor.executor.parallel:closing loop
[22.005s] DEBUG:colcon.colcon_parallel_executor.executor.parallel:loop closed
[22.006s] DEBUG:colcon.colcon_parallel_executor.executor.parallel:run_until_complete finished with '0'
[22.006s] DEBUG:colcon.colcon_core.event_reactor:joining thread
[22.043s] INFO:colcon.colcon_core.plugin_system:Skipping extension 'colcon_notification.desktop_notification.terminal_notifier': Not used on non-Darwin systems
[22.043s] INFO:colcon.colcon_core.plugin_system:Skipping extension 'colcon_notification.desktop_notification.win32': Not used on non-Windows systems
[22.043s] INFO:colcon.colcon_notification.desktop_notification:Sending desktop notification using 'notify2'
[22.072s] DEBUG:colcon.colcon_core.event_reactor:joined thread
[22.094s] INFO:colcon.colcon_core.shell:Creating prefix script '/home/sysmodel/13feb/SM-DSAP23-24/install/local_setup.ps1'
[22.096s] INFO:colcon.colcon_core.shell:Creating prefix util module '/home/sysmodel/13feb/SM-DSAP23-24/install/_local_setup_util_ps1.py'
[22.097s] INFO:colcon.colcon_core.shell:Creating prefix chain script '/home/sysmodel/13feb/SM-DSAP23-24/install/setup.ps1'
[22.120s] INFO:colcon.colcon_core.shell:Creating prefix script '/home/sysmodel/13feb/SM-DSAP23-24/install/local_setup.sh'
[22.121s] INFO:colcon.colcon_core.shell:Creating prefix util module '/home/sysmodel/13feb/SM-DSAP23-24/install/_local_setup_util_sh.py'
[22.122s] INFO:colcon.colcon_core.shell:Creating prefix chain script '/home/sysmodel/13feb/SM-DSAP23-24/install/setup.sh'
[22.143s] INFO:colcon.colcon_core.shell:Creating prefix script '/home/sysmodel/13feb/SM-DSAP23-24/install/local_setup.bash'
[22.144s] INFO:colcon.colcon_core.shell:Creating prefix chain script '/home/sysmodel/13feb/SM-DSAP23-24/install/setup.bash'
[22.164s] INFO:colcon.colcon_core.shell:Creating prefix script '/home/sysmodel/13feb/SM-DSAP23-24/install/local_setup.zsh'
[22.164s] INFO:colcon.colcon_core.shell:Creating prefix chain script '/home/sysmodel/13feb/SM-DSAP23-24/install/setup.zsh'
