[0.428s] DEBUG:colcon:Command line arguments: ['/usr/bin/colcon', 'build']
[0.428s] DEBUG:colcon:Parsed command line arguments: Namespace(log_base=None, log_level=None, verb_name='build', build_base='build', install_base='install', merge_install=False, symlink_install=False, test_result_base=None, continue_on_error=False, executor='parallel', parallel_workers=24, event_handlers=None, ignore_user_meta=False, metas=['./colcon.meta'], base_paths=['.'], packages_ignore=None, packages_ignore_regex=None, paths=None, packages_up_to=None, packages_up_to_regex=None, packages_above=None, packages_above_and_dependencies=None, packages_above_depth=None, packages_select_by_dep=None, packages_skip_by_dep=None, packages_skip_up_to=None, packages_select_build_failed=False, packages_skip_build_finished=False, packages_select_test_failures=False, packages_skip_test_passed=False, packages_select=None, packages_skip=None, packages_select_regex=None, packages_skip_regex=None, packages_start=None, packages_end=None, allow_overriding=[], cmake_args=None, cmake_target=None, cmake_target_skip_unavailable=False, cmake_clean_cache=False, cmake_clean_first=False, cmake_force_configure=False, ament_cmake_args=None, catkin_cmake_args=None, catkin_skip_building_tests=False, verb_parser=<colcon_defaults.argument_parser.defaults.DefaultArgumentsDecorator object at 0x7fe0aee9aa70>, verb_extension=<colcon_core.verb.build.BuildVerb object at 0x7fe0aee9ad10>, main=<bound method BuildVerb.main of <colcon_core.verb.build.BuildVerb object at 0x7fe0aee9ad10>>)
[0.448s] Level 1:colcon.colcon_core.package_discovery:discover_packages(colcon_meta) check parameters
[0.448s] Level 1:colcon.colcon_core.package_discovery:discover_packages(recursive) check parameters
[0.448s] Level 1:colcon.colcon_core.package_discovery:discover_packages(ignore) check parameters
[0.448s] Level 1:colcon.colcon_core.package_discovery:discover_packages(path) check parameters
[0.448s] Level 1:colcon.colcon_core.package_discovery:discover_packages(colcon_meta) discover
[0.448s] Level 1:colcon.colcon_core.package_discovery:discover_packages(recursive) discover
[0.448s] INFO:colcon.colcon_core.package_discovery:Crawling recursively for packages in '/10march/SM-DSAP23-24'
[0.448s] Level 1:colcon.colcon_core.package_identification:_identify(.) by extensions ['ignore', 'ignore_ament_install']
[0.449s] Level 1:colcon.colcon_core.package_identification:_identify(.) by extension 'ignore'
[0.449s] Level 1:colcon.colcon_core.package_identification:_identify(.) by extension 'ignore_ament_install'
[0.449s] Level 1:colcon.colcon_core.package_identification:_identify(.) by extensions ['colcon_pkg']
[0.449s] Level 1:colcon.colcon_core.package_identification:_identify(.) by extension 'colcon_pkg'
[0.449s] Level 1:colcon.colcon_core.package_identification:_identify(.) by extensions ['colcon_meta']
[0.449s] Level 1:colcon.colcon_core.package_identification:_identify(.) by extension 'colcon_meta'
[0.449s] Level 1:colcon.colcon_core.package_identification:_identify(.) by extensions ['ros']
[0.449s] Level 1:colcon.colcon_core.package_identification:_identify(.) by extension 'ros'
[0.454s] Level 1:colcon.colcon_core.package_identification:_identify(.) by extensions ['cmake', 'python']
[0.454s] Level 1:colcon.colcon_core.package_identification:_identify(.) by extension 'cmake'
[0.454s] Level 1:colcon.colcon_core.package_identification:_identify(.) by extension 'python'
[0.454s] Level 1:colcon.colcon_core.package_identification:_identify(.) by extensions ['python_setup_py']
[0.454s] Level 1:colcon.colcon_core.package_identification:_identify(.) by extension 'python_setup_py'
[0.455s] Level 1:colcon.colcon_core.package_identification:_identify(build) by extensions ['ignore', 'ignore_ament_install']
[0.455s] Level 1:colcon.colcon_core.package_identification:_identify(build) by extension 'ignore'
[0.455s] Level 1:colcon.colcon_core.package_identification:_identify(build) ignored
[0.455s] Level 1:colcon.colcon_core.package_identification:_identify(install) by extensions ['ignore', 'ignore_ament_install']
[0.455s] Level 1:colcon.colcon_core.package_identification:_identify(install) by extension 'ignore'
[0.455s] Level 1:colcon.colcon_core.package_identification:_identify(install) ignored
[0.455s] Level 1:colcon.colcon_core.package_identification:_identify(log) by extensions ['ignore', 'ignore_ament_install']
[0.455s] Level 1:colcon.colcon_core.package_identification:_identify(log) by extension 'ignore'
[0.455s] Level 1:colcon.colcon_core.package_identification:_identify(log) ignored
[0.455s] Level 1:colcon.colcon_core.package_identification:_identify(src) by extensions ['ignore', 'ignore_ament_install']
[0.455s] Level 1:colcon.colcon_core.package_identification:_identify(src) by extension 'ignore'
[0.455s] Level 1:colcon.colcon_core.package_identification:_identify(src) by extension 'ignore_ament_install'
[0.455s] Level 1:colcon.colcon_core.package_identification:_identify(src) by extensions ['colcon_pkg']
[0.455s] Level 1:colcon.colcon_core.package_identification:_identify(src) by extension 'colcon_pkg'
[0.455s] Level 1:colcon.colcon_core.package_identification:_identify(src) by extensions ['colcon_meta']
[0.455s] Level 1:colcon.colcon_core.package_identification:_identify(src) by extension 'colcon_meta'
[0.455s] Level 1:colcon.colcon_core.package_identification:_identify(src) by extensions ['ros']
[0.455s] Level 1:colcon.colcon_core.package_identification:_identify(src) by extension 'ros'
[0.455s] Level 1:colcon.colcon_core.package_identification:_identify(src) by extensions ['cmake', 'python']
[0.455s] Level 1:colcon.colcon_core.package_identification:_identify(src) by extension 'cmake'
[0.455s] Level 1:colcon.colcon_core.package_identification:_identify(src) by extension 'python'
[0.455s] Level 1:colcon.colcon_core.package_identification:_identify(src) by extensions ['python_setup_py']
[0.455s] Level 1:colcon.colcon_core.package_identification:_identify(src) by extension 'python_setup_py'
[0.455s] Level 1:colcon.colcon_core.package_identification:_identify(src/demo_leds) by extensions ['ignore', 'ignore_ament_install']
[0.455s] Level 1:colcon.colcon_core.package_identification:_identify(src/demo_leds) by extension 'ignore'
[0.455s] Level 1:colcon.colcon_core.package_identification:_identify(src/demo_leds) by extension 'ignore_ament_install'
[0.455s] Level 1:colcon.colcon_core.package_identification:_identify(src/demo_leds) by extensions ['colcon_pkg']
[0.455s] Level 1:colcon.colcon_core.package_identification:_identify(src/demo_leds) by extension 'colcon_pkg'
[0.455s] Level 1:colcon.colcon_core.package_identification:_identify(src/demo_leds) by extensions ['colcon_meta']
[0.455s] Level 1:colcon.colcon_core.package_identification:_identify(src/demo_leds) by extension 'colcon_meta'
[0.455s] Level 1:colcon.colcon_core.package_identification:_identify(src/demo_leds) by extensions ['ros']
[0.455s] Level 1:colcon.colcon_core.package_identification:_identify(src/demo_leds) by extension 'ros'
[0.457s] DEBUG:colcon.colcon_core.package_identification:Package 'src/demo_leds' with type 'ros.ament_cmake' and name 'digital_architecture'
[0.457s] Level 1:colcon.colcon_core.package_discovery:discover_packages(recursive) using defaults
[0.457s] Level 1:colcon.colcon_core.package_discovery:discover_packages(ignore) discover
[0.457s] Level 1:colcon.colcon_core.package_discovery:discover_packages(ignore) using defaults
[0.457s] Level 1:colcon.colcon_core.package_discovery:discover_packages(path) discover
[0.457s] Level 1:colcon.colcon_core.package_discovery:discover_packages(path) using defaults
[0.495s] Level 1:colcon.colcon_core.package_discovery:discover_packages(prefix_path) check parameters
[0.496s] Level 1:colcon.colcon_core.package_discovery:discover_packages(prefix_path) discover
[0.507s] DEBUG:colcon.colcon_installed_package_information.package_discovery:Found 1 installed packages in /10march/SM-DSAP23-24/install
[0.513s] DEBUG:colcon.colcon_installed_package_information.package_discovery:Found 270 installed packages in /opt/ros/humble
[0.513s] Level 1:colcon.colcon_core.package_discovery:discover_packages(prefix_path) using defaults
[0.560s] Level 5:colcon.colcon_core.verb:set package 'digital_architecture' build argument 'cmake_args' from command line to 'None'
[0.560s] Level 5:colcon.colcon_core.verb:set package 'digital_architecture' build argument 'cmake_target' from command line to 'None'
[0.560s] Level 5:colcon.colcon_core.verb:set package 'digital_architecture' build argument 'cmake_target_skip_unavailable' from command line to 'False'
[0.560s] Level 5:colcon.colcon_core.verb:set package 'digital_architecture' build argument 'cmake_clean_cache' from command line to 'False'
[0.560s] Level 5:colcon.colcon_core.verb:set package 'digital_architecture' build argument 'cmake_clean_first' from command line to 'False'
[0.560s] Level 5:colcon.colcon_core.verb:set package 'digital_architecture' build argument 'cmake_force_configure' from command line to 'False'
[0.560s] Level 5:colcon.colcon_core.verb:set package 'digital_architecture' build argument 'ament_cmake_args' from command line to 'None'
[0.560s] Level 5:colcon.colcon_core.verb:set package 'digital_architecture' build argument 'catkin_cmake_args' from command line to 'None'
[0.560s] Level 5:colcon.colcon_core.verb:set package 'digital_architecture' build argument 'catkin_skip_building_tests' from command line to 'False'
[0.560s] DEBUG:colcon.colcon_core.verb:Building package 'digital_architecture' with the following arguments: {'ament_cmake_args': None, 'build_base': '/10march/SM-DSAP23-24/build/digital_architecture', 'catkin_cmake_args': None, 'catkin_skip_building_tests': False, 'cmake_args': None, 'cmake_clean_cache': False, 'cmake_clean_first': False, 'cmake_force_configure': False, 'cmake_target': None, 'cmake_target_skip_unavailable': False, 'install_base': '/10march/SM-DSAP23-24/install/digital_architecture', 'merge_install': False, 'path': '/10march/SM-DSAP23-24/src/demo_leds', 'symlink_install': False, 'test_result_base': None}
[0.566s] INFO:colcon.colcon_core.executor:Executing jobs using 'parallel' executor
[0.572s] DEBUG:colcon.colcon_parallel_executor.executor.parallel:run_until_complete
[0.572s] INFO:colcon.colcon_ros.task.ament_cmake.build:Building ROS package in '/10march/SM-DSAP23-24/src/demo_leds' with build type 'ament_cmake'
[0.572s] INFO:colcon.colcon_cmake.task.cmake.build:Building CMake package in '/10march/SM-DSAP23-24/src/demo_leds'
[0.578s] INFO:colcon.colcon_core.plugin_system:Skipping extension 'colcon_core.shell.bat': Not used on non-Windows systems
[0.579s] INFO:colcon.colcon_core.shell:Skip shell extension 'powershell' for command environment: Not usable outside of PowerShell
[0.579s] DEBUG:colcon.colcon_core.shell:Skip shell extension 'dsv' for command environment
[0.602s] DEBUG:colcon.colcon_core.event_handler.log_command:Invoking command in '/10march/SM-DSAP23-24/build/digital_architecture': CMAKE_PREFIX_PATH=${CMAKE_PREFIX_PATH}:/opt/ros/humble /usr/bin/cmake --build /10march/SM-DSAP23-24/build/digital_architecture -- -j24 -l24
[6.596s] DEBUG:colcon.colcon_core.event_handler.log_command:Invoked command in '/10march/SM-DSAP23-24/build/digital_architecture' returned '0': CMAKE_PREFIX_PATH=${CMAKE_PREFIX_PATH}:/opt/ros/humble /usr/bin/cmake --build /10march/SM-DSAP23-24/build/digital_architecture -- -j24 -l24
[6.616s] DEBUG:colcon.colcon_core.event_handler.log_command:Invoking command in '/10march/SM-DSAP23-24/build/digital_architecture': CMAKE_PREFIX_PATH=${CMAKE_PREFIX_PATH}:/opt/ros/humble /usr/bin/cmake --install /10march/SM-DSAP23-24/build/digital_architecture
[6.626s] Level 1:colcon.colcon_core.environment:create_environment_scripts_only(digital_architecture)
[6.626s] DEBUG:colcon.colcon_core.event_handler.log_command:Invoked command in '/10march/SM-DSAP23-24/build/digital_architecture' returned '0': CMAKE_PREFIX_PATH=${CMAKE_PREFIX_PATH}:/opt/ros/humble /usr/bin/cmake --install /10march/SM-DSAP23-24/build/digital_architecture
[6.633s] Level 1:colcon.colcon_core.environment:checking '/10march/SM-DSAP23-24/install/digital_architecture' for CMake module files
[6.633s] Level 1:colcon.colcon_core.environment:checking '/10march/SM-DSAP23-24/install/digital_architecture' for CMake config files
[6.633s] Level 1:colcon.colcon_core.shell:create_environment_hook('digital_architecture', 'cmake_prefix_path')
[6.639s] INFO:colcon.colcon_core.shell:Creating environment hook '/10march/SM-DSAP23-24/install/digital_architecture/share/digital_architecture/hook/cmake_prefix_path.ps1'
[6.639s] INFO:colcon.colcon_core.shell:Creating environment descriptor '/10march/SM-DSAP23-24/install/digital_architecture/share/digital_architecture/hook/cmake_prefix_path.dsv'
[6.640s] INFO:colcon.colcon_core.shell:Creating environment hook '/10march/SM-DSAP23-24/install/digital_architecture/share/digital_architecture/hook/cmake_prefix_path.sh'
[6.640s] Level 1:colcon.colcon_core.environment:checking '/10march/SM-DSAP23-24/install/digital_architecture/lib'
[6.640s] Level 1:colcon.colcon_core.environment:checking '/10march/SM-DSAP23-24/install/digital_architecture/bin'
[6.640s] Level 1:colcon.colcon_core.environment:checking '/10march/SM-DSAP23-24/install/digital_architecture/lib/pkgconfig/digital_architecture.pc'
[6.640s] Level 1:colcon.colcon_core.environment:checking '/10march/SM-DSAP23-24/install/digital_architecture/lib/python3.10/site-packages'
[6.640s] Level 1:colcon.colcon_core.environment:checking '/10march/SM-DSAP23-24/install/digital_architecture/bin'
[6.646s] INFO:colcon.colcon_core.shell:Creating package script '/10march/SM-DSAP23-24/install/digital_architecture/share/digital_architecture/package.ps1'
[6.646s] INFO:colcon.colcon_core.shell:Creating package descriptor '/10march/SM-DSAP23-24/install/digital_architecture/share/digital_architecture/package.dsv'
[6.647s] INFO:colcon.colcon_core.shell:Creating package script '/10march/SM-DSAP23-24/install/digital_architecture/share/digital_architecture/package.sh'
[6.647s] INFO:colcon.colcon_core.shell:Creating package script '/10march/SM-DSAP23-24/install/digital_architecture/share/digital_architecture/package.bash'
[6.647s] INFO:colcon.colcon_core.shell:Creating package script '/10march/SM-DSAP23-24/install/digital_architecture/share/digital_architecture/package.zsh'
[6.647s] Level 1:colcon.colcon_core.environment:create_file_with_runtime_dependencies(/10march/SM-DSAP23-24/install/digital_architecture/share/colcon-core/packages/digital_architecture)
[6.669s] Level 1:colcon.colcon_core.environment:create_environment_scripts_only(digital_architecture)
[6.674s] Level 1:colcon.colcon_core.environment:checking '/10march/SM-DSAP23-24/install/digital_architecture' for CMake module files
[6.674s] Level 1:colcon.colcon_core.environment:checking '/10march/SM-DSAP23-24/install/digital_architecture' for CMake config files
[6.674s] Level 1:colcon.colcon_core.shell:create_environment_hook('digital_architecture', 'cmake_prefix_path')
[6.680s] INFO:colcon.colcon_core.shell:Creating environment hook '/10march/SM-DSAP23-24/install/digital_architecture/share/digital_architecture/hook/cmake_prefix_path.ps1'
[6.680s] INFO:colcon.colcon_core.shell:Creating environment descriptor '/10march/SM-DSAP23-24/install/digital_architecture/share/digital_architecture/hook/cmake_prefix_path.dsv'
[6.680s] INFO:colcon.colcon_core.shell:Creating environment hook '/10march/SM-DSAP23-24/install/digital_architecture/share/digital_architecture/hook/cmake_prefix_path.sh'
[6.680s] Level 1:colcon.colcon_core.environment:checking '/10march/SM-DSAP23-24/install/digital_architecture/lib'
[6.680s] Level 1:colcon.colcon_core.environment:checking '/10march/SM-DSAP23-24/install/digital_architecture/bin'
[6.680s] Level 1:colcon.colcon_core.environment:checking '/10march/SM-DSAP23-24/install/digital_architecture/lib/pkgconfig/digital_architecture.pc'
[6.680s] Level 1:colcon.colcon_core.environment:checking '/10march/SM-DSAP23-24/install/digital_architecture/lib/python3.10/site-packages'
[6.681s] Level 1:colcon.colcon_core.environment:checking '/10march/SM-DSAP23-24/install/digital_architecture/bin'
[6.686s] INFO:colcon.colcon_core.shell:Creating package script '/10march/SM-DSAP23-24/install/digital_architecture/share/digital_architecture/package.ps1'
[6.686s] INFO:colcon.colcon_core.shell:Creating package descriptor '/10march/SM-DSAP23-24/install/digital_architecture/share/digital_architecture/package.dsv'
[6.686s] INFO:colcon.colcon_core.shell:Creating package script '/10march/SM-DSAP23-24/install/digital_architecture/share/digital_architecture/package.sh'
[6.687s] INFO:colcon.colcon_core.shell:Creating package script '/10march/SM-DSAP23-24/install/digital_architecture/share/digital_architecture/package.bash'
[6.687s] INFO:colcon.colcon_core.shell:Creating package script '/10march/SM-DSAP23-24/install/digital_architecture/share/digital_architecture/package.zsh'
[6.687s] Level 1:colcon.colcon_core.environment:create_file_with_runtime_dependencies(/10march/SM-DSAP23-24/install/digital_architecture/share/colcon-core/packages/digital_architecture)
[6.687s] DEBUG:colcon.colcon_parallel_executor.executor.parallel:closing loop
[6.687s] DEBUG:colcon.colcon_parallel_executor.executor.parallel:loop closed
[6.687s] DEBUG:colcon.colcon_parallel_executor.executor.parallel:run_until_complete finished with '0'
[6.687s] DEBUG:colcon.colcon_core.event_reactor:joining thread
[6.713s] INFO:colcon.colcon_core.plugin_system:Skipping extension 'colcon_notification.desktop_notification.notify_send': Could not find 'notify-send'
[6.713s] INFO:colcon.colcon_core.plugin_system:Skipping extension 'colcon_notification.desktop_notification.terminal_notifier': Not used on non-Darwin systems
[6.713s] INFO:colcon.colcon_core.plugin_system:Skipping extension 'colcon_notification.desktop_notification.win32': Not used on non-Windows systems
[6.713s] INFO:colcon.colcon_notification.desktop_notification:Sending desktop notification using 'notify2'
[6.713s] DEBUG:colcon.colcon_notification.desktop_notification.notify2:Failed to initialize notify2: org.freedesktop.DBus.Error.FileNotFound: Failed to connect to socket /run/user/0/bus: No such file or directory
[6.714s] DEBUG:colcon.colcon_core.event_reactor:joined thread
[6.720s] INFO:colcon.colcon_core.shell:Creating prefix script '/10march/SM-DSAP23-24/install/local_setup.ps1'
[6.720s] INFO:colcon.colcon_core.shell:Creating prefix util module '/10march/SM-DSAP23-24/install/_local_setup_util_ps1.py'
[6.721s] INFO:colcon.colcon_core.shell:Creating prefix chain script '/10march/SM-DSAP23-24/install/setup.ps1'
[6.727s] INFO:colcon.colcon_core.shell:Creating prefix script '/10march/SM-DSAP23-24/install/local_setup.sh'
[6.727s] INFO:colcon.colcon_core.shell:Creating prefix util module '/10march/SM-DSAP23-24/install/_local_setup_util_sh.py'
[6.727s] INFO:colcon.colcon_core.shell:Creating prefix chain script '/10march/SM-DSAP23-24/install/setup.sh'
[6.733s] INFO:colcon.colcon_core.shell:Creating prefix script '/10march/SM-DSAP23-24/install/local_setup.bash'
[6.733s] INFO:colcon.colcon_core.shell:Creating prefix chain script '/10march/SM-DSAP23-24/install/setup.bash'
[6.739s] INFO:colcon.colcon_core.shell:Creating prefix script '/10march/SM-DSAP23-24/install/local_setup.zsh'
[6.740s] INFO:colcon.colcon_core.shell:Creating prefix chain script '/10march/SM-DSAP23-24/install/setup.zsh'
