[0.066s] Invoking command in '/home/sysmodel/13feb/SM-DSAP23-24/build/digital_architecture': CMAKE_PREFIX_PATH=/opt/ros/humble /usr/bin/cmake --build /home/sysmodel/13feb/SM-DSAP23-24/build/digital_architecture -- -j8 -l8
[0.134s] [100%] Built target front_right_solo
[0.134s] [100%] Built target front_right_servo_controller
[0.134s] [100%] Built target central_controller
[0.134s] [100%] Built target imu
[0.145s] Invoked command in '/home/sysmodel/13feb/SM-DSAP23-24/build/digital_architecture' returned '0': CMAKE_PREFIX_PATH=/opt/ros/humble /usr/bin/cmake --build /home/sysmodel/13feb/SM-DSAP23-24/build/digital_architecture -- -j8 -l8
[0.186s] Invoking command in '/home/sysmodel/13feb/SM-DSAP23-24/build/digital_architecture': CMAKE_PREFIX_PATH=/opt/ros/humble /usr/bin/cmake --install /home/sysmodel/13feb/SM-DSAP23-24/build/digital_architecture
[0.193s] -- Install configuration: ""
[0.194s] -- Up-to-date: /home/sysmodel/13feb/SM-DSAP23-24/install/digital_architecture/lib/digital_architecture/imu
[0.194s] -- Up-to-date: /home/sysmodel/13feb/SM-DSAP23-24/install/digital_architecture/lib/digital_architecture/central_controller
[0.194s] -- Up-to-date: /home/sysmodel/13feb/SM-DSAP23-24/install/digital_architecture/lib/digital_architecture/front_right_servo_controller
[0.195s] -- Up-to-date: /home/sysmodel/13feb/SM-DSAP23-24/install/digital_architecture/lib/digital_architecture/front_right_solo
[0.195s] -- Up-to-date: /home/sysmodel/13feb/SM-DSAP23-24/install/digital_architecture/share/ament_index/resource_index/package_run_dependencies/digital_architecture
[0.195s] -- Up-to-date: /home/sysmodel/13feb/SM-DSAP23-24/install/digital_architecture/share/ament_index/resource_index/parent_prefix_path/digital_architecture
[0.196s] -- Up-to-date: /home/sysmodel/13feb/SM-DSAP23-24/install/digital_architecture/share/digital_architecture/environment/ament_prefix_path.sh
[0.196s] -- Up-to-date: /home/sysmodel/13feb/SM-DSAP23-24/install/digital_architecture/share/digital_architecture/environment/ament_prefix_path.dsv
[0.196s] -- Up-to-date: /home/sysmodel/13feb/SM-DSAP23-24/install/digital_architecture/share/digital_architecture/environment/path.sh
[0.196s] -- Up-to-date: /home/sysmodel/13feb/SM-DSAP23-24/install/digital_architecture/share/digital_architecture/environment/path.dsv
[0.196s] -- Up-to-date: /home/sysmodel/13feb/SM-DSAP23-24/install/digital_architecture/share/digital_architecture/local_setup.bash
[0.196s] -- Up-to-date: /home/sysmodel/13feb/SM-DSAP23-24/install/digital_architecture/share/digital_architecture/local_setup.sh
[0.196s] -- Up-to-date: /home/sysmodel/13feb/SM-DSAP23-24/install/digital_architecture/share/digital_architecture/local_setup.zsh
[0.196s] -- Up-to-date: /home/sysmodel/13feb/SM-DSAP23-24/install/digital_architecture/share/digital_architecture/local_setup.dsv
[0.197s] -- Installing: /home/sysmodel/13feb/SM-DSAP23-24/install/digital_architecture/share/digital_architecture/package.dsv
[0.197s] -- Up-to-date: /home/sysmodel/13feb/SM-DSAP23-24/install/digital_architecture/share/ament_index/resource_index/packages/digital_architecture
[0.197s] -- Up-to-date: /home/sysmodel/13feb/SM-DSAP23-24/install/digital_architecture/share/digital_architecture/cmake/digital_architectureConfig.cmake
[0.197s] -- Up-to-date: /home/sysmodel/13feb/SM-DSAP23-24/install/digital_architecture/share/digital_architecture/cmake/digital_architectureConfig-version.cmake
[0.197s] -- Up-to-date: /home/sysmodel/13feb/SM-DSAP23-24/install/digital_architecture/share/digital_architecture/package.xml
[0.198s] Invoked command in '/home/sysmodel/13feb/SM-DSAP23-24/build/digital_architecture' returned '0': CMAKE_PREFIX_PATH=/opt/ros/humble /usr/bin/cmake --install /home/sysmodel/13feb/SM-DSAP23-24/build/digital_architecture
