[0.027s] Invoking command in '/10march/SM-DSAP23-24/build/digital_architecture': CMAKE_PREFIX_PATH=${CMAKE_PREFIX_PATH}:/opt/ros/humble /usr/bin/cmake --build /10march/SM-DSAP23-24/build/digital_architecture -- -j24 -l24
[0.037s] -- Found ament_cmake: 1.3.5 (/opt/ros/humble/share/ament_cmake/cmake)
[0.104s] -- Found rclcpp: 16.0.6 (/opt/ros/humble/share/rclcpp/cmake)
[0.156s] -- Found rosidl_generator_c: 3.1.5 (/opt/ros/humble/share/rosidl_generator_c/cmake)
[0.157s] -- Found rosidl_adapter: 3.1.5 (/opt/ros/humble/share/rosidl_adapter/cmake)
[0.160s] -- Found rosidl_generator_cpp: 3.1.5 (/opt/ros/humble/share/rosidl_generator_cpp/cmake)
[0.165s] -- Using all available rosidl_typesupport_c: rosidl_typesupport_fastrtps_c;rosidl_typesupport_introspection_c
[0.173s] -- Using all available rosidl_typesupport_cpp: rosidl_typesupport_fastrtps_cpp;rosidl_typesupport_introspection_cpp
[0.201s] -- Found rmw_implementation_cmake: 6.1.1 (/opt/ros/humble/share/rmw_implementation_cmake/cmake)
[0.202s] -- Found rmw_fastrtps_cpp: 6.2.4 (/opt/ros/humble/share/rmw_fastrtps_cpp/cmake)
[1.896s] -- Using RMW implementation 'rmw_fastrtps_cpp' as default
[1.976s] [31mCMake Error at CMakeLists.txt:23 (target_link_libraries):
[1.976s]   Cannot specify link libraries for target "front_right_solo" which is not
[1.976s]   built by this project.
[1.976s] 
[1.976s] [0m
[1.976s] -- Configuring incomplete, errors occurred!
[1.976s] See also "/10march/SM-DSAP23-24/build/digital_architecture/CMakeFiles/CMakeOutput.log".
[1.979s] gmake: *** [Makefile:417: cmake_check_build_system] Error 1
[1.980s] Invoked command in '/10march/SM-DSAP23-24/build/digital_architecture' returned '2': CMAKE_PREFIX_PATH=${CMAKE_PREFIX_PATH}:/opt/ros/humble /usr/bin/cmake --build /10march/SM-DSAP23-24/build/digital_architecture -- -j24 -l24
