[0.026s] Invoking command in '/10march/SM-DSAP23-24/build/digital_architecture': CMAKE_PREFIX_PATH=${CMAKE_PREFIX_PATH}:/opt/ros/humble /usr/bin/cmake --build /10march/SM-DSAP23-24/build/digital_architecture -- -j24 -l24
[0.043s] [35m[1mConsolidate compiler generated dependencies of target front_right_solo[0m
[0.047s] [ 44%] Built target front_right_servo_controller
[0.047s] [ 44%] [32mBuilding CXX object CMakeFiles/central_controller.dir/src/CentralController.cpp.o[0m
[0.047s] [ 55%] Built target imu
[0.051s] [ 88%] Built target front_right_solo
[1.188s] [01m[K/10march/SM-DSAP23-24/src/demo_leds/src/CentralController.cpp:[m[K In member function ‘[01m[Kvoid CentralController::timer_callback()[m[K’:
[1.188s] [01m[K/10march/SM-DSAP23-24/src/demo_leds/src/CentralController.cpp:63:23:[m[K [01;31m[Kerror: [m[Kno matching function for call to ‘[01m[Krclcpp::Publisher<std_msgs::msg::Float64_<std::allocator<void> > >::publish(std_msgs::msg::String_<std::allocator<void> >&)[m[K’
[1.188s]    63 |         [01;31m[Kpub3_->publish(msg2)[m[K; // front right torque
[1.188s]       |         [01;31m[K~~~~~~~~~~~~~~^~~~~~[m[K
[1.188s] In file included from [01m[K/opt/ros/humble/include/rclcpp/rclcpp/topic_statistics/subscription_topic_statistics.hpp:31[m[K,
[1.188s]                  from [01m[K/opt/ros/humble/include/rclcpp/rclcpp/subscription.hpp:50[m[K,
[1.188s]                  from [01m[K/opt/ros/humble/include/rclcpp/rclcpp/any_executable.hpp:25[m[K,
[1.188s]                  from [01m[K/opt/ros/humble/include/rclcpp/rclcpp/memory_strategy.hpp:25[m[K,
[1.188s]                  from [01m[K/opt/ros/humble/include/rclcpp/rclcpp/memory_strategies.hpp:18[m[K,
[1.188s]                  from [01m[K/opt/ros/humble/include/rclcpp/rclcpp/executor_options.hpp:20[m[K,
[1.188s]                  from [01m[K/opt/ros/humble/include/rclcpp/rclcpp/executor.hpp:37[m[K,
[1.188s]                  from [01m[K/opt/ros/humble/include/rclcpp/rclcpp/executors/multi_threaded_executor.hpp:25[m[K,
[1.188s]                  from [01m[K/opt/ros/humble/include/rclcpp/rclcpp/executors.hpp:21[m[K,
[1.188s]                  from [01m[K/opt/ros/humble/include/rclcpp/rclcpp/rclcpp.hpp:155[m[K,
[1.188s]                  from [01m[K/10march/SM-DSAP23-24/src/demo_leds/src/CentralController.cpp:8[m[K:
[1.188s] [01m[K/opt/ros/humble/include/rclcpp/rclcpp/publisher.hpp:251:3:[m[K [01;36m[Knote: [m[Kcandidate: ‘[01m[Ktemplate<class T> std::enable_if_t<(rosidl_generator_traits::is_message<T>::value && std::is_same<T, typename rclcpp::TypeAdapter<MessageT>::ros_message_type>::value)> rclcpp::Publisher<MessageT, AllocatorT>::publish(std::unique_ptr<T, typename std::conditional<std::is_same<typename std::allocator_traits<typename std::allocator_traits<_Allocator>::rebind_traits<typename rclcpp::TypeAdapter<MessageT, void, void>::ros_message_type>::allocator_type>::rebind_alloc<typename rclcpp::TypeAdapter<MessageT, void, void>::ros_message_type>, std::allocator<typename rclcpp::TypeAdapter<MessageT>::ros_message_type> >::value, std::default_delete<typename rclcpp::TypeAdapter<MessageT>::ros_message_type>, rclcpp::allocator::AllocatorDeleter<typename std::allocator_traits<_Allocator>::rebind_traits<typename rclcpp::TypeAdapter<MessageT, void, void>::ros_message_type>::allocator_type> >::type>) [with T = T; MessageT = std_msgs::msg::Float64_<std::allocator<void> >; AllocatorT = std::allocator<void>][m[K’
[1.188s]   251 |   [01;36m[Kpublish[m[K(std::unique_ptr<T, ROSMessageTypeDeleter> msg)
[1.188s]       |   [01;36m[K^~~~~~~[m[K
[1.188s] [01m[K/opt/ros/humble/include/rclcpp/rclcpp/publisher.hpp:251:3:[m[K [01;36m[Knote: [m[K  template argument deduction/substitution failed:
[1.188s] [01m[K/10march/SM-DSAP23-24/src/demo_leds/src/CentralController.cpp:63:23:[m[K [01;36m[Knote: [m[K  ‘[01m[Kstd_msgs::msg::String_<std::allocator<void> >[m[K’ is not derived from ‘[01m[Kstd::unique_ptr<T, std::default_delete<std_msgs::msg::Float64_<std::allocator<void> > > >[m[K’
[1.188s]    63 |         [01;36m[Kpub3_->publish(msg2)[m[K; // front right torque
[1.188s]       |         [01;36m[K~~~~~~~~~~~~~~^~~~~~[m[K
[1.189s] In file included from [01m[K/opt/ros/humble/include/rclcpp/rclcpp/topic_statistics/subscription_topic_statistics.hpp:31[m[K,
[1.189s]                  from [01m[K/opt/ros/humble/include/rclcpp/rclcpp/subscription.hpp:50[m[K,
[1.189s]                  from [01m[K/opt/ros/humble/include/rclcpp/rclcpp/any_executable.hpp:25[m[K,
[1.189s]                  from [01m[K/opt/ros/humble/include/rclcpp/rclcpp/memory_strategy.hpp:25[m[K,
[1.189s]                  from [01m[K/opt/ros/humble/include/rclcpp/rclcpp/memory_strategies.hpp:18[m[K,
[1.189s]                  from [01m[K/opt/ros/humble/include/rclcpp/rclcpp/executor_options.hpp:20[m[K,
[1.189s]                  from [01m[K/opt/ros/humble/include/rclcpp/rclcpp/executor.hpp:37[m[K,
[1.189s]                  from [01m[K/opt/ros/humble/include/rclcpp/rclcpp/executors/multi_threaded_executor.hpp:25[m[K,
[1.189s]                  from [01m[K/opt/ros/humble/include/rclcpp/rclcpp/executors.hpp:21[m[K,
[1.189s]                  from [01m[K/opt/ros/humble/include/rclcpp/rclcpp/rclcpp.hpp:155[m[K,
[1.189s]                  from [01m[K/10march/SM-DSAP23-24/src/demo_leds/src/CentralController.cpp:8[m[K:
[1.189s] [01m[K/opt/ros/humble/include/rclcpp/rclcpp/publisher.hpp:292:3:[m[K [01;36m[Knote: [m[Kcandidate: ‘[01m[Ktemplate<class T> std::enable_if_t<(rosidl_generator_traits::is_message<T>::value && std::is_same<T, typename rclcpp::TypeAdapter<MessageT>::ros_message_type>::value)> rclcpp::Publisher<MessageT, AllocatorT>::publish(const T&) [with T = T; MessageT = std_msgs::msg::Float64_<std::allocator<void> >; AllocatorT = std::allocator<void>][m[K’
[1.189s]   292 |   [01;36m[Kpublish[m[K(const T & msg)
[1.189s]       |   [01;36m[K^~~~~~~[m[K
[1.189s] [01m[K/opt/ros/humble/include/rclcpp/rclcpp/publisher.hpp:292:3:[m[K [01;36m[Knote: [m[K  template argument deduction/substitution failed:
[1.189s] In file included from [01m[K/usr/include/c++/11/bits/move.h:57[m[K,
[1.189s]                  from [01m[K/usr/include/c++/11/bits/stl_function.h:60[m[K,
[1.189s]                  from [01m[K/usr/include/c++/11/functional:49[m[K,
[1.189s]                  from [01m[K/10march/SM-DSAP23-24/src/demo_leds/src/CentralController.cpp:2[m[K:
[1.189s] /usr/include/c++/11/type_traits: In substitution of ‘[01m[Ktemplate<bool _Cond, class _Tp> using enable_if_t = typename std::enable_if::type [with bool _Cond = false; _Tp = void][m[K’:
[1.189s] [01m[K/opt/ros/humble/include/rclcpp/rclcpp/publisher.hpp:292:3:[m[K   required by substitution of ‘[01m[Ktemplate<class T> std::enable_if_t<(rosidl_generator_traits::is_message<T>::value && std::is_same<T, std_msgs::msg::Float64_<std::allocator<void> > >::value), void> rclcpp::Publisher<std_msgs::msg::Float64_<std::allocator<void> > >::publish<T>(const T&) [with T = std_msgs::msg::String_<std::allocator<void> >][m[K’
[1.189s] [01m[K/10march/SM-DSAP23-24/src/demo_leds/src/CentralController.cpp:63:16:[m[K   required from here
[1.189s] [01m[K/usr/include/c++/11/type_traits:2579:11:[m[K [01;31m[Kerror: [m[Kno type named ‘[01m[Ktype[m[K’ in ‘[01m[Kstruct std::enable_if<false, void>[m[K’
[1.189s]  2579 |     using [01;31m[Kenable_if_t[m[K = typename enable_if<_Cond, _Tp>::type;
[1.189s]       |           [01;31m[K^~~~~~~~~~~[m[K
[1.189s] In file included from [01m[K/opt/ros/humble/include/rclcpp/rclcpp/topic_statistics/subscription_topic_statistics.hpp:31[m[K,
[1.189s]                  from [01m[K/opt/ros/humble/include/rclcpp/rclcpp/subscription.hpp:50[m[K,
[1.189s]                  from [01m[K/opt/ros/humble/include/rclcpp/rclcpp/any_executable.hpp:25[m[K,
[1.189s]                  from [01m[K/opt/ros/humble/include/rclcpp/rclcpp/memory_strategy.hpp:25[m[K,
[1.189s]                  from [01m[K/opt/ros/humble/include/rclcpp/rclcpp/memory_strategies.hpp:18[m[K,
[1.189s]                  from [01m[K/opt/ros/humble/include/rclcpp/rclcpp/executor_options.hpp:20[m[K,
[1.189s]                  from [01m[K/opt/ros/humble/include/rclcpp/rclcpp/executor.hpp:37[m[K,
[1.189s]                  from [01m[K/opt/ros/humble/include/rclcpp/rclcpp/executors/multi_threaded_executor.hpp:25[m[K,
[1.189s]                  from [01m[K/opt/ros/humble/include/rclcpp/rclcpp/executors.hpp:21[m[K,
[1.189s]                  from [01m[K/opt/ros/humble/include/rclcpp/rclcpp/rclcpp.hpp:155[m[K,
[1.189s]                  from [01m[K/10march/SM-DSAP23-24/src/demo_leds/src/CentralController.cpp:8[m[K:
[1.190s] [01m[K/opt/ros/humble/include/rclcpp/rclcpp/publisher.hpp:322:3:[m[K [01;36m[Knote: [m[Kcandidate: ‘[01m[Ktemplate<class T> std::enable_if_t<(typename rclcpp::TypeAdapter<MessageT>::is_specialized::value && std::is_same<T, typename rclcpp::TypeAdapter<MessageT>::custom_type>::value)> rclcpp::Publisher<MessageT, AllocatorT>::publish(std::unique_ptr<T, typename std::conditional<std::is_same<typename std::allocator_traits<typename std::allocator_traits<_Allocator>::rebind_traits<typename rclcpp::TypeAdapter<MessageT, void, void>::custom_type>::allocator_type>::rebind_alloc<typename rclcpp::TypeAdapter<MessageT, void, void>::custom_type>, std::allocator<typename rclcpp::TypeAdapter<MessageT>::custom_type> >::value, std::default_delete<typename rclcpp::TypeAdapter<MessageT>::custom_type>, rclcpp::allocator::AllocatorDeleter<typename std::allocator_traits<_Allocator>::rebind_traits<typename rclcpp::TypeAdapter<MessageT, void, void>::custom_type>::allocator_type> >::type>) [with T = T; MessageT = std_msgs::msg::Float64_<std::allocator<void> >; AllocatorT = std::allocator<void>][m[K’
[1.190s]   322 |   [01;36m[Kpublish[m[K(std::unique_ptr<T, PublishedTypeDeleter> msg)
[1.190s]       |   [01;36m[K^~~~~~~[m[K
[1.190s] [01m[K/opt/ros/humble/include/rclcpp/rclcpp/publisher.hpp:322:3:[m[K [01;36m[Knote: [m[K  template argument deduction/substitution failed:
[1.190s] [01m[K/10march/SM-DSAP23-24/src/demo_leds/src/CentralController.cpp:63:23:[m[K [01;36m[Knote: [m[K  ‘[01m[Kstd_msgs::msg::String_<std::allocator<void> >[m[K’ is not derived from ‘[01m[Kstd::unique_ptr<T, std::default_delete<std_msgs::msg::Float64_<std::allocator<void> > > >[m[K’
[1.190s]    63 |         [01;36m[Kpub3_->publish(msg2)[m[K; // front right torque
[1.190s]       |         [01;36m[K~~~~~~~~~~~~~~^~~~~~[m[K
[1.190s] In file included from [01m[K/opt/ros/humble/include/rclcpp/rclcpp/topic_statistics/subscription_topic_statistics.hpp:31[m[K,
[1.190s]                  from [01m[K/opt/ros/humble/include/rclcpp/rclcpp/subscription.hpp:50[m[K,
[1.190s]                  from [01m[K/opt/ros/humble/include/rclcpp/rclcpp/any_executable.hpp:25[m[K,
[1.190s]                  from [01m[K/opt/ros/humble/include/rclcpp/rclcpp/memory_strategy.hpp:25[m[K,
[1.190s]                  from [01m[K/opt/ros/humble/include/rclcpp/rclcpp/memory_strategies.hpp:18[m[K,
[1.190s]                  from [01m[K/opt/ros/humble/include/rclcpp/rclcpp/executor_options.hpp:20[m[K,
[1.190s]                  from [01m[K/opt/ros/humble/include/rclcpp/rclcpp/executor.hpp:37[m[K,
[1.190s]                  from [01m[K/opt/ros/humble/include/rclcpp/rclcpp/executors/multi_threaded_executor.hpp:25[m[K,
[1.190s]                  from [01m[K/opt/ros/humble/include/rclcpp/rclcpp/executors.hpp:21[m[K,
[1.190s]                  from [01m[K/opt/ros/humble/include/rclcpp/rclcpp/rclcpp.hpp:155[m[K,
[1.190s]                  from [01m[K/10march/SM-DSAP23-24/src/demo_leds/src/CentralController.cpp:8[m[K:
[1.190s] [01m[K/opt/ros/humble/include/rclcpp/rclcpp/publisher.hpp:364:3:[m[K [01;36m[Knote: [m[Kcandidate: ‘[01m[Ktemplate<class T> std::enable_if_t<(typename rclcpp::TypeAdapter<MessageT>::is_specialized::value && std::is_same<T, typename rclcpp::TypeAdapter<MessageT>::custom_type>::value)> rclcpp::Publisher<MessageT, AllocatorT>::publish(const T&) [with T = T; MessageT = std_msgs::msg::Float64_<std::allocator<void> >; AllocatorT = std::allocator<void>][m[K’
[1.190s]   364 |   [01;36m[Kpublish[m[K(const T & msg)
[1.190s]       |   [01;36m[K^~~~~~~[m[K
[1.190s] [01m[K/opt/ros/humble/include/rclcpp/rclcpp/publisher.hpp:364:3:[m[K [01;36m[Knote: [m[K  template argument deduction/substitution failed:
[1.190s] [01m[K/opt/ros/humble/include/rclcpp/rclcpp/publisher.hpp:383:3:[m[K [01;36m[Knote: [m[Kcandidate: ‘[01m[Kvoid rclcpp::Publisher<MessageT, AllocatorT>::publish(const rcl_serialized_message_t&) [with MessageT = std_msgs::msg::Float64_<std::allocator<void> >; AllocatorT = std::allocator<void>; rcl_serialized_message_t = rcutils_uint8_array_s][m[K’
[1.190s]   383 |   [01;36m[Kpublish[m[K(const rcl_serialized_message_t & serialized_msg)
[1.190s]       |   [01;36m[K^~~~~~~[m[K
[1.190s] [01m[K/opt/ros/humble/include/rclcpp/rclcpp/publisher.hpp:383:44:[m[K [01;36m[Knote: [m[K  no known conversion for argument 1 from ‘[01m[Kstd_msgs::msg::String_<std::allocator<void> >[m[K’ to ‘[01m[Kconst rcl_serialized_message_t&[m[K’ {aka ‘[01m[Kconst rcutils_uint8_array_s&[m[K’}
[1.190s]   383 |   publish([01;36m[Kconst rcl_serialized_message_t & serialized_msg[m[K)
[1.190s]       |           [01;36m[K~~~~~~~~~~~~~~~~~~~~~~~~~~~~~~~~~^~~~~~~~~~~~~~[m[K
[1.190s] [01m[K/opt/ros/humble/include/rclcpp/rclcpp/publisher.hpp:389:3:[m[K [01;36m[Knote: [m[Kcandidate: ‘[01m[Kvoid rclcpp::Publisher<MessageT, AllocatorT>::publish(const rclcpp::SerializedMessage&) [with MessageT = std_msgs::msg::Float64_<std::allocator<void> >; AllocatorT = std::allocator<void>][m[K’
[1.190s]   389 |   [01;36m[Kpublish[m[K(const SerializedMessage & serialized_msg)
[1.190s]       |   [01;36m[K^~~~~~~[m[K
[1.190s] [01m[K/opt/ros/humble/include/rclcpp/rclcpp/publisher.hpp:389:37:[m[K [01;36m[Knote: [m[K  no known conversion for argument 1 from ‘[01m[Kstd_msgs::msg::String_<std::allocator<void> >[m[K’ to ‘[01m[Kconst rclcpp::SerializedMessage&[m[K’
[1.190s]   389 |   publish([01;36m[Kconst SerializedMessage & serialized_msg[m[K)
[1.190s]       |           [01;36m[K~~~~~~~~~~~~~~~~~~~~~~~~~~^~~~~~~~~~~~~~[m[K
[1.191s] [01m[K/opt/ros/humble/include/rclcpp/rclcpp/publisher.hpp:403:3:[m[K [01;36m[Knote: [m[Kcandidate: ‘[01m[Kvoid rclcpp::Publisher<MessageT, AllocatorT>::publish(rclcpp::LoanedMessage<typename rclcpp::TypeAdapter<MessageT>::ros_message_type, AllocatorT>&&) [with MessageT = std_msgs::msg::Float64_<std::allocator<void> >; AllocatorT = std::allocator<void>; typename rclcpp::TypeAdapter<MessageT>::ros_message_type = std_msgs::msg::Float64_<std::allocator<void> >][m[K’
[1.191s]   403 |   [01;36m[Kpublish[m[K(rclcpp::LoanedMessage<ROSMessageType, AllocatorT> && loaned_msg)
[1.191s]       |   [01;36m[K^~~~~~~[m[K
[1.191s] [01m[K/opt/ros/humble/include/rclcpp/rclcpp/publisher.hpp:403:64:[m[K [01;36m[Knote: [m[K  no known conversion for argument 1 from ‘[01m[Kstd_msgs::msg::String_<std::allocator<void> >[m[K’ to ‘[01m[Krclcpp::LoanedMessage<std_msgs::msg::Float64_<std::allocator<void> >, std::allocator<void> >&&[m[K’
[1.191s]   403 |   publish([01;36m[Krclcpp::LoanedMessage<ROSMessageType, AllocatorT> && loaned_msg[m[K)
[1.191s]       |           [01;36m[K~~~~~~~~~~~~~~~~~~~~~~~~~~~~~~~~~~~~~~~~~~~~~~~~~~~~~^~~~~~~~~~[m[K
[2.914s] gmake[2]: *** [CMakeFiles/central_controller.dir/build.make:76: CMakeFiles/central_controller.dir/src/CentralController.cpp.o] Error 1
[2.914s] gmake[1]: *** [CMakeFiles/Makefile2:169: CMakeFiles/central_controller.dir/all] Error 2
[2.914s] gmake: *** [Makefile:146: all] Error 2
[2.915s] Invoked command in '/10march/SM-DSAP23-24/build/digital_architecture' returned '2': CMAKE_PREFIX_PATH=${CMAKE_PREFIX_PATH}:/opt/ros/humble /usr/bin/cmake --build /10march/SM-DSAP23-24/build/digital_architecture -- -j24 -l24
