[ 62%] Built target imu
[ 50%] [32mBuilding CXX object CMakeFiles/central_controller.dir/src/CentralController.cpp.o[0m
[ 62%] Built target front_right_solo
[ 87%] Built target front_right_servo_controller
In file included from [01m[K/opt/ros/humble/include/rclcpp/rclcpp/logging.hpp:24[m[K,
                 from [01m[K/opt/ros/humble/include/rclcpp/rclcpp/client.hpp:40[m[K,
                 from [01m[K/opt/ros/humble/include/rclcpp/rclcpp/callback_group.hpp:24[m[K,
                 from [01m[K/opt/ros/humble/include/rclcpp/rclcpp/any_executable.hpp:20[m[K,
                 from [01m[K/opt/ros/humble/include/rclcpp/rclcpp/memory_strategy.hpp:25[m[K,
                 from [01m[K/opt/ros/humble/include/rclcpp/rclcpp/memory_strategies.hpp:18[m[K,
                 from [01m[K/opt/ros/humble/include/rclcpp/rclcpp/executor_options.hpp:20[m[K,
                 from [01m[K/opt/ros/humble/include/rclcpp/rclcpp/executor.hpp:37[m[K,
                 from [01m[K/opt/ros/humble/include/rclcpp/rclcpp/executors/multi_threaded_executor.hpp:25[m[K,
                 from [01m[K/opt/ros/humble/include/rclcpp/rclcpp/executors.hpp:21[m[K,
                 from [01m[K/opt/ros/humble/include/rclcpp/rclcpp/rclcpp.hpp:155[m[K,
                 from [01m[K/home/sysmodel/13feb/SM-DSAP23-24/src/demo_leds/src/CentralController.cpp:8[m[K:
[01m[K/home/sysmodel/13feb/SM-DSAP23-24/src/demo_leds/src/CentralController.cpp:[m[K In member function ‘[01m[Kvoid CentralController::timer_callback()[m[K’:
[01m[K/home/sysmodel/13feb/SM-DSAP23-24/src/demo_leds/src/CentralController.cpp:48:41:[m[K [01;35m[Kwarning: [m[Kformat ‘[01m[K%s[m[K’ expects argument of type ‘[01m[Kchar*[m[K’, but argument 5 has type ‘[01m[Kstd::string[m[K’ {aka ‘[01m[Kstd::__cxx11::basic_string<char>[m[K’} [[01;35m[K]8;;https://gcc.gnu.org/onlinedocs/gcc/Warning-Options.html#index-Wformat=-Wformat=]8;;[m[K]
   48 |         RCLCPP_INFO(this->get_logger(), [01;35m[K"testing: '%s'"[m[K, [32m[Ktest()[m[K);
      |                                         [01;35m[K^~~~~~~~~~~~~~~[m[K  [32m[K~~~~~~[m[K
      |                                                              [32m[K|[m[K
      |                                                              [32m[Kstd::string {aka std::__cxx11::basic_string<char>}[m[K
[01m[K/home/sysmodel/13feb/SM-DSAP23-24/src/demo_leds/src/CentralController.cpp:48:53:[m[K [01;36m[Knote: [m[Kformat string is defined here
   48 |         RCLCPP_INFO(this->get_logger(), "testing: '[01;36m[K%s[m[K'", test());
      |                                                    [01;36m[K~^[m[K
      |                                                     [01;36m[K|[m[K
      |                                                     [01;36m[Kchar*[m[K
[100%] [32m[1mLinking CXX executable central_controller[0m
[100%] Built target central_controller
-- Install configuration: ""
-- Up-to-date: /home/sysmodel/13feb/SM-DSAP23-24/install/digital_architecture/lib/digital_architecture/imu
-- Installing: /home/sysmodel/13feb/SM-DSAP23-24/install/digital_architecture/lib/digital_architecture/central_controller
-- Set runtime path of "/home/sysmodel/13feb/SM-DSAP23-24/install/digital_architecture/lib/digital_architecture/central_controller" to ""
-- Up-to-date: /home/sysmodel/13feb/SM-DSAP23-24/install/digital_architecture/lib/digital_architecture/front_right_servo_controller
-- Up-to-date: /home/sysmodel/13feb/SM-DSAP23-24/install/digital_architecture/lib/digital_architecture/front_right_solo
-- Up-to-date: /home/sysmodel/13feb/SM-DSAP23-24/install/digital_architecture/share/ament_index/resource_index/package_run_dependencies/digital_architecture
-- Up-to-date: /home/sysmodel/13feb/SM-DSAP23-24/install/digital_architecture/share/ament_index/resource_index/parent_prefix_path/digital_architecture
-- Up-to-date: /home/sysmodel/13feb/SM-DSAP23-24/install/digital_architecture/share/digital_architecture/environment/ament_prefix_path.sh
-- Up-to-date: /home/sysmodel/13feb/SM-DSAP23-24/install/digital_architecture/share/digital_architecture/environment/ament_prefix_path.dsv
-- Up-to-date: /home/sysmodel/13feb/SM-DSAP23-24/install/digital_architecture/share/digital_architecture/environment/path.sh
-- Up-to-date: /home/sysmodel/13feb/SM-DSAP23-24/install/digital_architecture/share/digital_architecture/environment/path.dsv
-- Up-to-date: /home/sysmodel/13feb/SM-DSAP23-24/install/digital_architecture/share/digital_architecture/local_setup.bash
-- Up-to-date: /home/sysmodel/13feb/SM-DSAP23-24/install/digital_architecture/share/digital_architecture/local_setup.sh
-- Up-to-date: /home/sysmodel/13feb/SM-DSAP23-24/install/digital_architecture/share/digital_architecture/local_setup.zsh
-- Up-to-date: /home/sysmodel/13feb/SM-DSAP23-24/install/digital_architecture/share/digital_architecture/local_setup.dsv
-- Installing: /home/sysmodel/13feb/SM-DSAP23-24/install/digital_architecture/share/digital_architecture/package.dsv
-- Up-to-date: /home/sysmodel/13feb/SM-DSAP23-24/install/digital_architecture/share/ament_index/resource_index/packages/digital_architecture
-- Up-to-date: /home/sysmodel/13feb/SM-DSAP23-24/install/digital_architecture/share/digital_architecture/cmake/digital_architectureConfig.cmake
-- Up-to-date: /home/sysmodel/13feb/SM-DSAP23-24/install/digital_architecture/share/digital_architecture/cmake/digital_architectureConfig-version.cmake
-- Up-to-date: /home/sysmodel/13feb/SM-DSAP23-24/install/digital_architecture/share/digital_architecture/package.xml
