[0.088s] Invoking command in '/home/sysmodel/13feb/SM-DSAP23-24/build/digital_architecture': CMAKE_PREFIX_PATH=${CMAKE_PREFIX_PATH}:/opt/ros/humble /usr/bin/cmake --build /home/sysmodel/13feb/SM-DSAP23-24/build/digital_architecture -- -j8 -l8
[0.117s] -- Found ament_cmake: 1.3.7 (/opt/ros/humble/share/ament_cmake/cmake)
[0.262s] -- Found rclcpp: 16.0.8 (/opt/ros/humble/share/rclcpp/cmake)
[0.292s] -- Found rosidl_generator_c: 3.1.5 (/opt/ros/humble/share/rosidl_generator_c/cmake)
[0.296s] -- Found rosidl_adapter: 3.1.5 (/opt/ros/humble/share/rosidl_adapter/cmake)
[0.303s] -- Found rosidl_generator_cpp: 3.1.5 (/opt/ros/humble/share/rosidl_generator_cpp/cmake)
[0.316s] -- Using all available rosidl_typesupport_c: rosidl_typesupport_fastrtps_c;rosidl_typesupport_introspection_c
[0.336s] -- Using all available rosidl_typesupport_cpp: rosidl_typesupport_fastrtps_cpp;rosidl_typesupport_introspection_cpp
[0.408s] -- Found rmw_implementation_cmake: 6.1.1 (/opt/ros/humble/share/rmw_implementation_cmake/cmake)
[0.409s] -- Found rmw_fastrtps_cpp: 6.2.6 (/opt/ros/humble/share/rmw_fastrtps_cpp/cmake)
[0.533s] -- Using RMW implementation 'rmw_fastrtps_cpp' as default
[0.732s] -- Found ament_lint_auto: 0.12.10 (/opt/ros/humble/share/ament_lint_auto/cmake)
[0.802s] -- Added test 'cppcheck' to perform static code analysis on C / C++ code
[0.802s] -- Configured cppcheck include dirs: 
[0.802s] -- Configured cppcheck exclude dirs and/or files: 
[0.803s] -- Added test 'lint_cmake' to check CMake code style
[0.804s] -- Added test 'uncrustify' to check C / C++ code style
[0.804s] -- Configured uncrustify additional arguments: 
[0.805s] -- Added test 'xmllint' to check XML markup files
[0.805s] -- Configuring done
[0.823s] -- Generating done
[0.825s] -- Build files have been written to: /home/sysmodel/13feb/SM-DSAP23-24/build/digital_architecture
[0.856s] [35m[1mConsolidate compiler generated dependencies of target imu[0m
[0.856s] [35m[1mConsolidate compiler generated dependencies of target front_right_solo[0m
[0.856s] [35m[1mConsolidate compiler generated dependencies of target front_right_servo_controller[0m
[0.856s] [35m[1mConsolidate compiler generated dependencies of target central_controller[0m
[0.874s] [ 87%] [32m[1mLinking CXX executable central_controller[0m
[0.874s] [ 87%] Built target front_right_servo_controller
[0.874s] [ 87%] Built target imu
[0.874s] [ 87%] Built target front_right_solo
[1.197s] /usr/bin/ld: CMakeFiles/central_controller.dir/src/CentralController.cpp.o: in function `test[abi:cxx11]()':
[1.197s] CentralController.cpp:(.text+0x91): undefined reference to `LibSerial::SerialPort::SerialPort()'
[1.197s] /usr/bin/ld: CentralController.cpp:(.text+0xcf): undefined reference to `LibSerial::SerialPort::~SerialPort()'
[1.197s] /usr/bin/ld: CentralController.cpp:(.text+0x100): undefined reference to `LibSerial::SerialPort::~SerialPort()'
[1.241s] collect2: error: ld returned 1 exit status
[1.242s] gmake[2]: *** [CMakeFiles/central_controller.dir/build.make:159: central_controller] Error 1
[1.243s] gmake[1]: *** [CMakeFiles/Makefile2:169: CMakeFiles/central_controller.dir/all] Error 2
[1.243s] gmake: *** [Makefile:146: all] Error 2
[1.246s] Invoked command in '/home/sysmodel/13feb/SM-DSAP23-24/build/digital_architecture' returned '2': CMAKE_PREFIX_PATH=${CMAKE_PREFIX_PATH}:/opt/ros/humble /usr/bin/cmake --build /home/sysmodel/13feb/SM-DSAP23-24/build/digital_architecture -- -j8 -l8
