[0.087s] Invoking command in '/home/sysmodel/13feb/SM-DSAP23-24/build/digital_architecture': CMAKE_PREFIX_PATH=${CMAKE_PREFIX_PATH}:/opt/ros/humble /usr/bin/cmake --build /home/sysmodel/13feb/SM-DSAP23-24/build/digital_architecture -- -j8 -l8
[0.115s] -- Found ament_cmake: 1.3.7 (/opt/ros/humble/share/ament_cmake/cmake)
[0.295s] -- Found rclcpp: 16.0.8 (/opt/ros/humble/share/rclcpp/cmake)
[0.356s] -- Found rosidl_generator_c: 3.1.5 (/opt/ros/humble/share/rosidl_generator_c/cmake)
[0.360s] -- Found rosidl_adapter: 3.1.5 (/opt/ros/humble/share/rosidl_adapter/cmake)
[0.368s] -- Found rosidl_generator_cpp: 3.1.5 (/opt/ros/humble/share/rosidl_generator_cpp/cmake)
[0.384s] -- Using all available rosidl_typesupport_c: rosidl_typesupport_fastrtps_c;rosidl_typesupport_introspection_c
[0.403s] -- Using all available rosidl_typesupport_cpp: rosidl_typesupport_fastrtps_cpp;rosidl_typesupport_introspection_cpp
[0.476s] -- Found rmw_implementation_cmake: 6.1.1 (/opt/ros/humble/share/rmw_implementation_cmake/cmake)
[0.478s] -- Found rmw_fastrtps_cpp: 6.2.6 (/opt/ros/humble/share/rmw_fastrtps_cpp/cmake)
[0.603s] -- Using RMW implementation 'rmw_fastrtps_cpp' as default
[0.807s] -- Found ament_lint_auto: 0.12.10 (/opt/ros/humble/share/ament_lint_auto/cmake)
[0.880s] -- Added test 'cppcheck' to perform static code analysis on C / C++ code
[0.880s] -- Configured cppcheck include dirs: 
[0.880s] -- Configured cppcheck exclude dirs and/or files: 
[0.880s] -- Added test 'lint_cmake' to check CMake code style
[0.881s] -- Added test 'uncrustify' to check C / C++ code style
[0.881s] -- Configured uncrustify additional arguments: 
[0.882s] -- Added test 'xmllint' to check XML markup files
[0.882s] -- Configuring done
[0.900s] -- Generating done
[0.902s] -- Build files have been written to: /home/sysmodel/13feb/SM-DSAP23-24/build/digital_architecture
[0.932s] [35m[1mConsolidate compiler generated dependencies of target imu[0m
[0.932s] [35m[1mConsolidate compiler generated dependencies of target central_controller[0m
[0.932s] [35m[1mConsolidate compiler generated dependencies of target front_right_solo[0m
[0.934s] [35m[1mConsolidate compiler generated dependencies of target front_right_servo_controller[0m
[0.950s] [ 37%] [32m[1mLinking CXX executable central_controller[0m
[0.951s] [ 50%] Built target imu
[0.951s] [ 62%] Built target front_right_solo
[0.951s] [ 87%] Built target front_right_servo_controller
[0.974s] [01m[K/usr/include/libserial/SerialPort.h:34:9:[m[K [01;35m[Kwarning: [m[K#pragma once in main file
[0.974s]    34 | #pragma [01;35m[Konce[m[K
[0.975s]       |         [01;35m[K^~~~[m[K
[2.107s] /usr/bin/ld: CMakeFiles/central_controller.dir/src/CentralController.cpp.o: in function `test[abi:cxx11]()':
[2.107s] CentralController.cpp:(.text+0x91): undefined reference to `LibSerial::SerialPort::SerialPort()'
[2.107s] /usr/bin/ld: CentralController.cpp:(.text+0xcf): undefined reference to `LibSerial::SerialPort::~SerialPort()'
[2.108s] /usr/bin/ld: CentralController.cpp:(.text+0x100): undefined reference to `LibSerial::SerialPort::~SerialPort()'
[2.151s] collect2: error: ld returned 1 exit status
[2.153s] gmake[2]: *** [CMakeFiles/central_controller.dir/build.make:160: central_controller] Error 1
[2.153s] gmake[1]: *** [CMakeFiles/Makefile2:169: CMakeFiles/central_controller.dir/all] Error 2
[2.153s] gmake: *** [Makefile:146: all] Error 2
[2.156s] Invoked command in '/home/sysmodel/13feb/SM-DSAP23-24/build/digital_architecture' returned '2': CMAKE_PREFIX_PATH=${CMAKE_PREFIX_PATH}:/opt/ros/humble /usr/bin/cmake --build /home/sysmodel/13feb/SM-DSAP23-24/build/digital_architecture -- -j8 -l8
