[35m[1mConsolidate compiler generated dependencies of target front_right_solo[0m
[ 63%] Built target logger
[ 63%] Built target central_controller
[ 63%] Built target imu
[ 72%] Built target front_right_servo_controller
[ 81%] [32mBuilding CXX object CMakeFiles/front_right_solo.dir/src/FrontRightSOLO.cpp.o[0m
[ 90%] [32m[1mLinking CXX executable front_right_solo[0m
[100%] Built target front_right_solo
-- Install configuration: ""
-- Up-to-date: /home/adding_change_dir_ws/SM-DSAP23-24/install/digital_architecture/lib/digital_architecture/imu
-- Up-to-date: /home/adding_change_dir_ws/SM-DSAP23-24/install/digital_architecture/lib/digital_architecture/central_controller
-- Up-to-date: /home/adding_change_dir_ws/SM-DSAP23-24/install/digital_architecture/lib/digital_architecture/front_right_servo_controller
-- Installing: /home/adding_change_dir_ws/SM-DSAP23-24/install/digital_architecture/lib/digital_architecture/front_right_solo
-- Set runtime path of "/home/adding_change_dir_ws/SM-DSAP23-24/install/digital_architecture/lib/digital_architecture/front_right_solo" to ""
-- Up-to-date: /home/adding_change_dir_ws/SM-DSAP23-24/install/digital_architecture/lib/digital_architecture/logger
-- Up-to-date: /home/adding_change_dir_ws/SM-DSAP23-24/install/digital_architecture/share/ament_index/resource_index/package_run_dependencies/digital_architecture
-- Up-to-date: /home/adding_change_dir_ws/SM-DSAP23-24/install/digital_architecture/share/ament_index/resource_index/parent_prefix_path/digital_architecture
-- Up-to-date: /home/adding_change_dir_ws/SM-DSAP23-24/install/digital_architecture/share/digital_architecture/environment/ament_prefix_path.sh
-- Up-to-date: /home/adding_change_dir_ws/SM-DSAP23-24/install/digital_architecture/share/digital_architecture/environment/ament_prefix_path.dsv
-- Up-to-date: /home/adding_change_dir_ws/SM-DSAP23-24/install/digital_architecture/share/digital_architecture/environment/path.sh
-- Up-to-date: /home/adding_change_dir_ws/SM-DSAP23-24/install/digital_architecture/share/digital_architecture/environment/path.dsv
-- Up-to-date: /home/adding_change_dir_ws/SM-DSAP23-24/install/digital_architecture/share/digital_architecture/local_setup.bash
-- Up-to-date: /home/adding_change_dir_ws/SM-DSAP23-24/install/digital_architecture/share/digital_architecture/local_setup.sh
-- Up-to-date: /home/adding_change_dir_ws/SM-DSAP23-24/install/digital_architecture/share/digital_architecture/local_setup.zsh
-- Up-to-date: /home/adding_change_dir_ws/SM-DSAP23-24/install/digital_architecture/share/digital_architecture/local_setup.dsv
-- Installing: /home/adding_change_dir_ws/SM-DSAP23-24/install/digital_architecture/share/digital_architecture/package.dsv
-- Up-to-date: /home/adding_change_dir_ws/SM-DSAP23-24/install/digital_architecture/share/ament_index/resource_index/packages/digital_architecture
-- Up-to-date: /home/adding_change_dir_ws/SM-DSAP23-24/install/digital_architecture/share/digital_architecture/cmake/digital_architectureConfig.cmake
-- Up-to-date: /home/adding_change_dir_ws/SM-DSAP23-24/install/digital_architecture/share/digital_architecture/cmake/digital_architectureConfig-version.cmake
-- Up-to-date: /home/adding_change_dir_ws/SM-DSAP23-24/install/digital_architecture/share/digital_architecture/package.xml
