[0.039s] Invoking command in '/home/adding_change_dir_ws/SM-DSAP23-24/build/digital_architecture': CMAKE_PREFIX_PATH=${CMAKE_PREFIX_PATH}:/opt/ros/humble /usr/bin/cmake --build /home/adding_change_dir_ws/SM-DSAP23-24/build/digital_architecture -- -j24 -l24
[0.061s] [35m[1mConsolidate compiler generated dependencies of target imu[0m
[0.061s] [35m[1mConsolidate compiler generated dependencies of target central_controller[0m
[0.062s] [35m[1mConsolidate compiler generated dependencies of target front_right_servo_controller[0m
[0.062s] [35m[1mConsolidate compiler generated dependencies of target logger[0m
[0.063s] [35m[1mConsolidate compiler generated dependencies of target front_right_solo[0m
[0.069s] [ 18%] Built target imu
[0.069s] [ 36%] Built target central_controller
[0.069s] [ 54%] Built target logger
[0.069s] [ 81%] Built target front_right_solo
[0.069s] [100%] Built target front_right_servo_controller
[0.074s] Invoked command in '/home/adding_change_dir_ws/SM-DSAP23-24/build/digital_architecture' returned '0': CMAKE_PREFIX_PATH=${CMAKE_PREFIX_PATH}:/opt/ros/humble /usr/bin/cmake --build /home/adding_change_dir_ws/SM-DSAP23-24/build/digital_architecture -- -j24 -l24
[0.092s] Invoking command in '/home/adding_change_dir_ws/SM-DSAP23-24/build/digital_architecture': CMAKE_PREFIX_PATH=${CMAKE_PREFIX_PATH}:/opt/ros/humble /usr/bin/cmake --install /home/adding_change_dir_ws/SM-DSAP23-24/build/digital_architecture
[0.094s] -- Install configuration: ""
[0.094s] -- Up-to-date: /home/adding_change_dir_ws/SM-DSAP23-24/install/digital_architecture/lib/digital_architecture/imu
[0.094s] -- Up-to-date: /home/adding_change_dir_ws/SM-DSAP23-24/install/digital_architecture/lib/digital_architecture/central_controller
[0.094s] -- Up-to-date: /home/adding_change_dir_ws/SM-DSAP23-24/install/digital_architecture/lib/digital_architecture/front_right_servo_controller
[0.095s] -- Up-to-date: /home/adding_change_dir_ws/SM-DSAP23-24/install/digital_architecture/lib/digital_architecture/front_right_solo
[0.095s] -- Up-to-date: /home/adding_change_dir_ws/SM-DSAP23-24/install/digital_architecture/lib/digital_architecture/logger
[0.095s] -- Up-to-date: /home/adding_change_dir_ws/SM-DSAP23-24/install/digital_architecture/share/ament_index/resource_index/package_run_dependencies/digital_architecture
[0.095s] -- Up-to-date: /home/adding_change_dir_ws/SM-DSAP23-24/install/digital_architecture/share/ament_index/resource_index/parent_prefix_path/digital_architecture
[0.095s] -- Up-to-date: /home/adding_change_dir_ws/SM-DSAP23-24/install/digital_architecture/share/digital_architecture/environment/ament_prefix_path.sh
[0.095s] -- Up-to-date: /home/adding_change_dir_ws/SM-DSAP23-24/install/digital_architecture/share/digital_architecture/environment/ament_prefix_path.dsv
[0.095s] -- Up-to-date: /home/adding_change_dir_ws/SM-DSAP23-24/install/digital_architecture/share/digital_architecture/environment/path.sh
[0.095s] -- Up-to-date: /home/adding_change_dir_ws/SM-DSAP23-24/install/digital_architecture/share/digital_architecture/environment/path.dsv
[0.095s] -- Up-to-date: /home/adding_change_dir_ws/SM-DSAP23-24/install/digital_architecture/share/digital_architecture/local_setup.bash
[0.095s] -- Up-to-date: /home/adding_change_dir_ws/SM-DSAP23-24/install/digital_architecture/share/digital_architecture/local_setup.sh
[0.095s] -- Up-to-date: /home/adding_change_dir_ws/SM-DSAP23-24/install/digital_architecture/share/digital_architecture/local_setup.zsh
[0.095s] -- Up-to-date: /home/adding_change_dir_ws/SM-DSAP23-24/install/digital_architecture/share/digital_architecture/local_setup.dsv
[0.095s] -- Installing: /home/adding_change_dir_ws/SM-DSAP23-24/install/digital_architecture/share/digital_architecture/package.dsv
[0.095s] -- Up-to-date: /home/adding_change_dir_ws/SM-DSAP23-24/install/digital_architecture/share/ament_index/resource_index/packages/digital_architecture
[0.095s] -- Up-to-date: /home/adding_change_dir_ws/SM-DSAP23-24/install/digital_architecture/share/digital_architecture/cmake/digital_architectureConfig.cmake
[0.096s] -- Up-to-date: /home/adding_change_dir_ws/SM-DSAP23-24/install/digital_architecture/share/digital_architecture/cmake/digital_architectureConfig-version.cmake
[0.096s] -- Up-to-date: /home/adding_change_dir_ws/SM-DSAP23-24/install/digital_architecture/share/digital_architecture/package.xml
[0.096s] Invoked command in '/home/adding_change_dir_ws/SM-DSAP23-24/build/digital_architecture' returned '0': CMAKE_PREFIX_PATH=${CMAKE_PREFIX_PATH}:/opt/ros/humble /usr/bin/cmake --install /home/adding_change_dir_ws/SM-DSAP23-24/build/digital_architecture
